[debug] [2021-11-03T09:49:18.273Z] ----------------------------------------------------------------------
[debug] [2021-11-03T09:49:18.275Z] Command:       /usr/local/bin/firebase /home/youness/.cache/firebase/tools/lib/node_modules/firebase-tools/lib/bin/firebase serve
[debug] [2021-11-03T09:49:18.275Z] CLI Version:   9.13.0
[debug] [2021-11-03T09:49:18.275Z] Platform:      linux
[debug] [2021-11-03T09:49:18.276Z] Node Version:  v12.18.1
[debug] [2021-11-03T09:49:18.277Z] Time:          Wed Nov 03 2021 10:49:18 GMT+0100 (GMT+01:00)
[debug] [2021-11-03T09:49:18.277Z] ----------------------------------------------------------------------
[debug] 
[debug] [2021-11-03T09:49:18.286Z] > command requires scopes: ["email","openid","https://www.googleapis.com/auth/cloudplatformprojects.readonly","https://www.googleapis.com/auth/firebase","https://www.googleapis.com/auth/cloud-platform"]
[debug] [2021-11-03T09:49:18.286Z] > authorizing via signed-in user (younes.elguer@gmail.com)
[debug] [2021-11-03T09:49:18.286Z] [iam] checking project agenz-dev for permissions ["firebase.projects.get"]
[debug] [2021-11-03T09:49:18.289Z] > refreshing access token with scopes: ["email","https://www.googleapis.com/auth/cloud-platform","https://www.googleapis.com/auth/cloudplatformprojects.readonly","https://www.googleapis.com/auth/firebase","openid"]
[debug] [2021-11-03T09:49:18.289Z] >>> HTTP REQUEST POST https://www.googleapis.com/oauth2/v3/token  
 <request body omitted>
[debug] [2021-11-03T09:49:18.544Z] <<< HTTP RESPONSE 200 {"date":"Wed, 03 Nov 2021 09:49:18 GMT","pragma":"no-cache","cache-control":"no-cache, no-store, max-age=0, must-revalidate","expires":"Mon, 01 Jan 1990 00:00:00 GMT","content-type":"application/json; charset=utf-8","vary":"X-Origin, Referer, Origin,Accept-Encoding","server":"scaffolding on HTTPServer2","x-xss-protection":"0","x-frame-options":"SAMEORIGIN","x-content-type-options":"nosniff","alt-svc":"h3=\":443\"; ma=2592000,h3-29=\":443\"; ma=2592000,h3-Q050=\":443\"; ma=2592000,h3-Q046=\":443\"; ma=2592000,h3-Q043=\":443\"; ma=2592000,quic=\":443\"; ma=2592000; v=\"46,43\"","accept-ranges":"none","transfer-encoding":"chunked"}
[debug] [2021-11-03T09:49:18.564Z] >>> HTTP REQUEST POST https://cloudresourcemanager.googleapis.com/v1/projects/agenz-dev:testIamPermissions  
 {"permissions":["firebase.projects.get"]}
[debug] [2021-11-03T09:49:18.904Z] <<< HTTP RESPONSE 200 {"content-type":"application/json; charset=UTF-8","vary":"X-Origin, Referer, Origin,Accept-Encoding","date":"Wed, 03 Nov 2021 09:49:18 GMT","server":"ESF","cache-control":"private","x-xss-protection":"0","x-frame-options":"SAMEORIGIN","x-content-type-options":"nosniff","server-timing":"gfet4t7; dur=134","alt-svc":"h3=\":443\"; ma=2592000,h3-29=\":443\"; ma=2592000,h3-Q050=\":443\"; ma=2592000,h3-Q046=\":443\"; ma=2592000,h3-Q043=\":443\"; ma=2592000,quic=\":443\"; ma=2592000; v=\"46,43\"","accept-ranges":"none","transfer-encoding":"chunked"}
[debug] [2021-11-03T09:49:18.906Z] > refreshing access token with scopes: []
[debug] [2021-11-03T09:49:18.907Z] >>> HTTP REQUEST POST https://www.googleapis.com/oauth2/v3/token  
 <request body omitted>
[debug] [2021-11-03T09:49:19.138Z] <<< HTTP RESPONSE 200 {"expires":"Mon, 01 Jan 1990 00:00:00 GMT","date":"Wed, 03 Nov 2021 09:49:19 GMT","pragma":"no-cache","cache-control":"no-cache, no-store, max-age=0, must-revalidate","content-type":"application/json; charset=utf-8","vary":"X-Origin, Referer, Origin,Accept-Encoding","server":"scaffolding on HTTPServer2","x-xss-protection":"0","x-frame-options":"SAMEORIGIN","x-content-type-options":"nosniff","alt-svc":"h3=\":443\"; ma=2592000,h3-29=\":443\"; ma=2592000,h3-Q050=\":443\"; ma=2592000,h3-Q046=\":443\"; ma=2592000,h3-Q043=\":443\"; ma=2592000,quic=\":443\"; ma=2592000; v=\"46,43\"","accept-ranges":"none","transfer-encoding":"chunked"}
[debug] [2021-11-03T09:49:19.155Z] >>> [apiv2][query] GET https://firebase.googleapis.com/v1beta1/projects/agenz-dev [none]
[debug] [2021-11-03T09:49:19.636Z] <<< [apiv2][status] GET https://firebase.googleapis.com/v1beta1/projects/agenz-dev 200
[debug] [2021-11-03T09:49:19.637Z] <<< [apiv2][body] GET https://firebase.googleapis.com/v1beta1/projects/agenz-dev {"projectId":"agenz-dev","projectNumber":"459123777464","displayName":"agenz-dev","name":"projects/agenz-dev","resources":{"hostingSite":"agenz-dev","realtimeDatabaseInstance":"agenz-dev-default-rtdb","storageBucket":"agenz-dev.appspot.com","locationId":"europe-west"},"state":"ACTIVE"}
[info] 
[info] === Serving from '/home/youness/Desktop/agenz-front'...
[info] 
[debug] [2021-11-03T09:49:19.642Z] >>> [apiv2][query] GET https://firebasehosting.googleapis.com/v1beta1/projects/agenz-dev/sites 
[warn] ⚠  Your requested "node" version "14" doesn't match your global version "12" {"metadata":{"emulator":{"name":"functions"},"message":"Your requested \"node\" version \"14\" doesn't match your global version \"12\""}}
[debug] [2021-11-03T09:49:19.666Z] defaultcredentials: writing to file /home/youness/.config/firebase/younes_elguer_gmail.com_application_default_credentials.json
[debug] [2021-11-03T09:49:19.668Z] Setting GAC to /home/youness/.config/firebase/younes_elguer_gmail.com_application_default_credentials.json {"metadata":{"emulator":{"name":"functions"},"message":"Setting GAC to /home/youness/.config/firebase/younes_elguer_gmail.com_application_default_credentials.json"}}
[debug] [2021-11-03T09:49:19.670Z] >>> [apiv2][query] GET https://firebase.googleapis.com/v1beta1/projects/agenz-dev/adminSdkConfig [none]
[debug] [2021-11-03T09:49:20.080Z] <<< [apiv2][status] GET https://firebase.googleapis.com/v1beta1/projects/agenz-dev/adminSdkConfig 200
[debug] [2021-11-03T09:49:20.080Z] <<< [apiv2][body] GET https://firebase.googleapis.com/v1beta1/projects/agenz-dev/adminSdkConfig {"projectId":"agenz-dev","databaseURL":"https://agenz-dev-default-rtdb.europe-west1.firebasedatabase.app","storageBucket":"agenz-dev.appspot.com","locationId":"europe-west"}
[debug] [2021-11-03T09:49:20.645Z] <<< [apiv2][status] GET https://firebasehosting.googleapis.com/v1beta1/projects/agenz-dev/sites 200
[debug] [2021-11-03T09:49:20.645Z] <<< [apiv2][body] GET https://firebasehosting.googleapis.com/v1beta1/projects/agenz-dev/sites {"sites":[{"name":"projects/459123777464/sites/agenz-dev","defaultUrl":"https://agenz-dev.web.app","appId":"1:459123777464:web:98b6ad0c1d53adaac3f94d","type":"DEFAULT_SITE"}]}
[debug] [2021-11-03T09:49:20.646Z] >>> [apiv2][query] GET https://firebase.googleapis.com/v1beta1/projects/agenz-dev/webApps/1:459123777464:web:98b6ad0c1d53adaac3f94d/config [none]
[debug] [2021-11-03T09:49:21.605Z] <<< [apiv2][status] GET https://firebase.googleapis.com/v1beta1/projects/agenz-dev/webApps/1:459123777464:web:98b6ad0c1d53adaac3f94d/config 200
[debug] [2021-11-03T09:49:21.606Z] <<< [apiv2][body] GET https://firebase.googleapis.com/v1beta1/projects/agenz-dev/webApps/1:459123777464:web:98b6ad0c1d53adaac3f94d/config {"projectId":"agenz-dev","appId":"1:459123777464:web:98b6ad0c1d53adaac3f94d","databaseURL":"https://agenz-dev-default-rtdb.europe-west1.firebasedatabase.app","storageBucket":"agenz-dev.appspot.com","locationId":"europe-west","apiKey":"AIzaSyAhPY4nR5tDanQbIHmP3MLrgNHDka2shns","authDomain":"agenz-dev.firebaseapp.com","messagingSenderId":"459123777464"}
[info] i  functions: Watching "/home/youness/Desktop/agenz-front/functions" for Cloud Functions... {"metadata":{"emulator":{"name":"functions"},"message":"Watching \"/home/youness/Desktop/agenz-front/functions\" for Cloud Functions..."}}
[debug] [2021-11-03T09:49:21.642Z] [worker-pool] addWorker(~diagnostic~) {"metadata":{"emulator":{"name":"functions"},"message":"[worker-pool] addWorker(~diagnostic~)"}}
[debug] [2021-11-03T09:49:21.643Z] [worker-pool] Adding worker with key ~diagnostic~, total=1 {"metadata":{"emulator":{"name":"functions"},"message":"[worker-pool] Adding worker with key ~diagnostic~, total=1"}}
[debug] [2021-11-03T09:49:21.643Z] [worker-pool] submitWork(triggerId=) {"metadata":{"emulator":{"name":"functions"},"message":"[worker-pool] submitWork(triggerId=)"}}
[debug] [2021-11-03T09:49:21.644Z] [worker-~diagnostic~-48bf2536-1b97-48a8-a36e-33c07611791b]: Assigning socketPath: /tmp/fire_emu_89853.sock {"metadata":{"emulator":{"name":"functions"},"message":"[worker-~diagnostic~-48bf2536-1b97-48a8-a36e-33c07611791b]: Assigning socketPath: /tmp/fire_emu_89853.sock"}}
[debug] [2021-11-03T09:49:21.645Z] [worker-~diagnostic~-48bf2536-1b97-48a8-a36e-33c07611791b]: BUSY {"metadata":{"emulator":{"name":"functions"},"message":"[worker-~diagnostic~-48bf2536-1b97-48a8-a36e-33c07611791b]: BUSY"}}
[info] i  hosting: Serving hosting files from: p {"metadata":{"emulator":{"name":"hosting"},"message":"Serving hosting files from: \u001b[1mp\u001b[22m"}}
[info] ✔  hosting: Local server: http://localhost:5000 {"metadata":{"emulator":{"name":"hosting"},"message":"Local server: \u001b[4m\u001b[1mhttp://localhost:5000\u001b[22m\u001b[24m"}}
[debug] [2021-11-03T09:49:21.963Z] [runtime-status] [89853] Functions runtime initialized. {"cwd":"/home/youness/Desktop/agenz-front/functions","node_version":"12.18.1"} {"metadata":{"emulator":{"name":"functions"},"message":"[runtime-status] [89853] Functions runtime initialized. {\"cwd\":\"/home/youness/Desktop/agenz-front/functions\",\"node_version\":\"12.18.1\"}"}}
[debug] [2021-11-03T09:49:21.965Z] [runtime-status] [89853] Disabled runtime features: undefined {"metadata":{"emulator":{"name":"functions"},"message":"[runtime-status] [89853] Disabled runtime features: undefined"}}
[debug] [2021-11-03T09:49:21.968Z] [runtime-status] [89853] Resolved module firebase-admin {"declared":true,"installed":true,"version":"9.12.0","resolution":"/home/youness/Desktop/agenz-front/functions/node_modules/firebase-admin/lib/index.js"} {"metadata":{"emulator":{"name":"functions"},"message":"[runtime-status] [89853] Resolved module firebase-admin {\"declared\":true,\"installed\":true,\"version\":\"9.12.0\",\"resolution\":\"/home/youness/Desktop/agenz-front/functions/node_modules/firebase-admin/lib/index.js\"}"}}
[debug] [2021-11-03T09:49:21.971Z] [runtime-status] [89853] Resolved module firebase-functions {"declared":true,"installed":true,"version":"3.16.0","resolution":"/home/youness/Desktop/agenz-front/functions/node_modules/firebase-functions/lib/index.js"} {"metadata":{"emulator":{"name":"functions"},"message":"[runtime-status] [89853] Resolved module firebase-functions {\"declared\":true,\"installed\":true,\"version\":\"3.16.0\",\"resolution\":\"/home/youness/Desktop/agenz-front/functions/node_modules/firebase-functions/lib/index.js\"}"}}
[debug] [2021-11-03T09:49:21.973Z] [runtime-status] [89853] Resolved module firebase-functions {"declared":true,"installed":true,"version":"3.16.0","resolution":"/home/youness/Desktop/agenz-front/functions/node_modules/firebase-functions/lib/index.js"} {"metadata":{"emulator":{"name":"functions"},"message":"[runtime-status] [89853] Resolved module firebase-functions {\"declared\":true,\"installed\":true,\"version\":\"3.16.0\",\"resolution\":\"/home/youness/Desktop/agenz-front/functions/node_modules/firebase-functions/lib/index.js\"}"}}
[debug] [2021-11-03T09:49:21.976Z] [runtime-status] [89853] Outgoing network have been stubbed. [{"name":"http","status":"mocked"},{"name":"http","status":"mocked"},{"name":"https","status":"mocked"},{"name":"https","status":"mocked"},{"name":"net","status":"mocked"}] {"metadata":{"emulator":{"name":"functions"},"message":"[runtime-status] [89853] Outgoing network have been stubbed. [{\"name\":\"http\",\"status\":\"mocked\"},{\"name\":\"http\",\"status\":\"mocked\"},{\"name\":\"https\",\"status\":\"mocked\"},{\"name\":\"https\",\"status\":\"mocked\"},{\"name\":\"net\",\"status\":\"mocked\"}]"}}
[debug] [2021-11-03T09:49:21.978Z] [runtime-status] [89853] Resolved module firebase-functions {"declared":true,"installed":true,"version":"3.16.0","resolution":"/home/youness/Desktop/agenz-front/functions/node_modules/firebase-functions/lib/index.js"} {"metadata":{"emulator":{"name":"functions"},"message":"[runtime-status] [89853] Resolved module firebase-functions {\"declared\":true,\"installed\":true,\"version\":\"3.16.0\",\"resolution\":\"/home/youness/Desktop/agenz-front/functions/node_modules/firebase-functions/lib/index.js\"}"}}
[debug] [2021-11-03T09:49:22.029Z] [runtime-status] [89853] Checked functions.config() {"config":{}} {"metadata":{"emulator":{"name":"functions"},"message":"[runtime-status] [89853] Checked functions.config() {\"config\":{}}"}}
[debug] [2021-11-03T09:49:22.030Z] [runtime-status] [89853] firebase-functions has been stubbed. {"functionsResolution":{"declared":true,"installed":true,"version":"3.16.0","resolution":"/home/youness/Desktop/agenz-front/functions/node_modules/firebase-functions/lib/index.js"}} {"metadata":{"emulator":{"name":"functions"},"message":"[runtime-status] [89853] firebase-functions has been stubbed. {\"functionsResolution\":{\"declared\":true,\"installed\":true,\"version\":\"3.16.0\",\"resolution\":\"/home/youness/Desktop/agenz-front/functions/node_modules/firebase-functions/lib/index.js\"}}"}}
[debug] [2021-11-03T09:49:22.031Z] [runtime-status] [89853] Resolved module firebase-functions {"declared":true,"installed":true,"version":"3.16.0","resolution":"/home/youness/Desktop/agenz-front/functions/node_modules/firebase-functions/lib/index.js"} {"metadata":{"emulator":{"name":"functions"},"message":"[runtime-status] [89853] Resolved module firebase-functions {\"declared\":true,\"installed\":true,\"version\":\"3.16.0\",\"resolution\":\"/home/youness/Desktop/agenz-front/functions/node_modules/firebase-functions/lib/index.js\"}"}}
[debug] [2021-11-03T09:49:22.033Z] [runtime-status] [89853] Resolved module firebase-admin {"declared":true,"installed":true,"version":"9.12.0","resolution":"/home/youness/Desktop/agenz-front/functions/node_modules/firebase-admin/lib/index.js"} {"metadata":{"emulator":{"name":"functions"},"message":"[runtime-status] [89853] Resolved module firebase-admin {\"declared\":true,\"installed\":true,\"version\":\"9.12.0\",\"resolution\":\"/home/youness/Desktop/agenz-front/functions/node_modules/firebase-admin/lib/index.js\"}"}}
[debug] [2021-11-03T09:49:22.034Z] [runtime-status] [89853] Resolved module firebase-functions {"declared":true,"installed":true,"version":"3.16.0","resolution":"/home/youness/Desktop/agenz-front/functions/node_modules/firebase-functions/lib/index.js"} {"metadata":{"emulator":{"name":"functions"},"message":"[runtime-status] [89853] Resolved module firebase-functions {\"declared\":true,\"installed\":true,\"version\":\"3.16.0\",\"resolution\":\"/home/youness/Desktop/agenz-front/functions/node_modules/firebase-functions/lib/index.js\"}"}}
[debug] [2021-11-03T09:49:22.035Z] [runtime-status] [89853] firebase-admin has been stubbed. {"adminResolution":{"declared":true,"installed":true,"version":"9.12.0","resolution":"/home/youness/Desktop/agenz-front/functions/node_modules/firebase-admin/lib/index.js"}} {"metadata":{"emulator":{"name":"functions"},"message":"[runtime-status] [89853] firebase-admin has been stubbed. {\"adminResolution\":{\"declared\":true,\"installed\":true,\"version\":\"9.12.0\",\"resolution\":\"/home/youness/Desktop/agenz-front/functions/node_modules/firebase-admin/lib/index.js\"}}"}}
[debug] [2021-11-03T09:49:22.394Z] [runtime-status] [89853] initializeApp(DEFAULT) {"storageBucket":"agenz-dev.appspot.com","databaseURL":"https://agenz-dev-default-rtdb.europe-west1.firebasedatabase.app","projectId":"agenz-dev"} {"metadata":{"emulator":{"name":"functions"},"message":"[runtime-status] [89853] initializeApp(DEFAULT) {\"storageBucket\":\"agenz-dev.appspot.com\",\"databaseURL\":\"https://agenz-dev-default-rtdb.europe-west1.firebasedatabase.app\",\"projectId\":\"agenz-dev\"}"}}
[warn] ⚠  functions: The Cloud Firestore emulator is not running, so calls to Firestore will affect production. {"metadata":{"emulator":{"name":"functions"},"message":"The Cloud Firestore emulator is not running, so calls to Firestore will affect production."}}
[warn] ⚠  Error: Cannot find module './handlers/isAuth.js'
Require stack:
- /home/youness/Desktop/agenz-front/functions/index.js
- /home/youness/.cache/firebase/tools/lib/node_modules/firebase-tools/lib/emulator/functionsEmulatorRuntime.js
1) If you want to compile the package/file into executable, please pay attention to compilation warnings and specify a literal in 'require' call. 2) If you don't want to compile the package/file into executable and want to 'require' it from filesystem (likely plugin), specify an absolute path in 'require' call using process.cwd() or process.execPath.
    at Function.Module._resolveFilename (internal/modules/cjs/loader.js:964:15)
    at Function._resolveFilename (pkg/prelude/bootstrap.js:1459:46)
    at Function.Module._load (internal/modules/cjs/loader.js:840:27)
    at Module.require (internal/modules/cjs/loader.js:1024:19)
    at Module.require (pkg/prelude/bootstrap.js:1338:31)
    at require (internal/modules/cjs/helpers.js:72:18)
    at Object.<anonymous> (/home/youness/Desktop/agenz-front/functions/index.js:27:20)
    at Module._compile (internal/modules/cjs/loader.js:1136:30)
    at Module._compile (pkg/prelude/bootstrap.js:1394:32)
    at Object.Module._extensions..js (internal/modules/cjs/loader.js:1156:10) {"metadata":{"emulator":{"name":"functions"},"message":"Error: Cannot find module './handlers/isAuth.js'\nRequire stack:\n- /home/youness/Desktop/agenz-front/functions/index.js\n- /home/youness/.cache/firebase/tools/lib/node_modules/firebase-tools/lib/emulator/functionsEmulatorRuntime.js\n1) If you want to compile the package/file into executable, please pay attention to compilation warnings and specify a literal in 'require' call. 2) If you don't want to compile the package/file into executable and want to 'require' it from filesystem (likely plugin), specify an absolute path in 'require' call using process.cwd() or process.execPath.\n    at Function.Module._resolveFilename (internal/modules/cjs/loader.js:964:15)\n    at Function._resolveFilename (pkg/prelude/bootstrap.js:1459:46)\n    at Function.Module._load (internal/modules/cjs/loader.js:840:27)\n    at Module.require (internal/modules/cjs/loader.js:1024:19)\n    at Module.require (pkg/prelude/bootstrap.js:1338:31)\n    at require (internal/modules/cjs/helpers.js:72:18)\n    at Object.<anonymous> (/home/youness/Desktop/agenz-front/functions/index.js:27:20)\n    at Module._compile (internal/modules/cjs/loader.js:1136:30)\n    at Module._compile (pkg/prelude/bootstrap.js:1394:32)\n    at Object.Module._extensions..js (internal/modules/cjs/loader.js:1156:10)"}}
[warn] ⚠  We were unable to load your functions code. (see above) {"metadata":{"emulator":{"name":"functions"}}}
[debug] [2021-11-03T09:49:22.485Z] [worker-~diagnostic~-48bf2536-1b97-48a8-a36e-33c07611791b]: exited {"metadata":{"emulator":{"name":"functions"},"message":"[worker-~diagnostic~-48bf2536-1b97-48a8-a36e-33c07611791b]: exited"}}
[debug] [2021-11-03T09:49:22.486Z] [worker-~diagnostic~-48bf2536-1b97-48a8-a36e-33c07611791b]: FINISHED {"metadata":{"emulator":{"name":"functions"},"message":"[worker-~diagnostic~-48bf2536-1b97-48a8-a36e-33c07611791b]: FINISHED"}}
[debug] [2021-11-03T09:49:40.138Z] File /home/youness/Desktop/agenz-front/functions/auth.json changed, reloading triggers {"metadata":{"emulator":{"name":"functions"},"message":"File /home/youness/Desktop/agenz-front/functions/auth.json changed, reloading triggers"}}
[debug] [2021-11-03T09:49:41.139Z] [worker-pool] Cleaned up workers for ~diagnostic~: 1 --> 0 {"metadata":{"emulator":{"name":"functions"},"message":"[worker-pool] Cleaned up workers for ~diagnostic~: 1 --> 0"}}
[debug] [2021-11-03T09:49:41.153Z] [worker-pool] addWorker(~diagnostic~) {"metadata":{"emulator":{"name":"functions"},"message":"[worker-pool] addWorker(~diagnostic~)"}}
[debug] [2021-11-03T09:49:41.153Z] [worker-pool] Adding worker with key ~diagnostic~, total=1 {"metadata":{"emulator":{"name":"functions"},"message":"[worker-pool] Adding worker with key ~diagnostic~, total=1"}}
[debug] [2021-11-03T09:49:41.153Z] [worker-pool] submitWork(triggerId=) {"metadata":{"emulator":{"name":"functions"},"message":"[worker-pool] submitWork(triggerId=)"}}
[debug] [2021-11-03T09:49:41.153Z] [worker-~diagnostic~-b282f40d-4e28-4e11-920d-ee09a70fdec4]: Assigning socketPath: /tmp/fire_emu_89938.sock {"metadata":{"emulator":{"name":"functions"},"message":"[worker-~diagnostic~-b282f40d-4e28-4e11-920d-ee09a70fdec4]: Assigning socketPath: /tmp/fire_emu_89938.sock"}}
[debug] [2021-11-03T09:49:41.153Z] [worker-~diagnostic~-b282f40d-4e28-4e11-920d-ee09a70fdec4]: BUSY {"metadata":{"emulator":{"name":"functions"},"message":"[worker-~diagnostic~-b282f40d-4e28-4e11-920d-ee09a70fdec4]: BUSY"}}
[debug] [2021-11-03T09:49:41.538Z] [runtime-status] [89938] Functions runtime initialized. {"cwd":"/home/youness/Desktop/agenz-front/functions","node_version":"12.18.1"} {"metadata":{"emulator":{"name":"functions"},"message":"[runtime-status] [89938] Functions runtime initialized. {\"cwd\":\"/home/youness/Desktop/agenz-front/functions\",\"node_version\":\"12.18.1\"}"}}
[debug] [2021-11-03T09:49:41.540Z] [runtime-status] [89938] Disabled runtime features: undefined {"metadata":{"emulator":{"name":"functions"},"message":"[runtime-status] [89938] Disabled runtime features: undefined"}}
[debug] [2021-11-03T09:49:41.547Z] [runtime-status] [89938] Resolved module firebase-admin {"declared":true,"installed":true,"version":"9.12.0","resolution":"/home/youness/Desktop/agenz-front/functions/node_modules/firebase-admin/lib/index.js"} {"metadata":{"emulator":{"name":"functions"},"message":"[runtime-status] [89938] Resolved module firebase-admin {\"declared\":true,\"installed\":true,\"version\":\"9.12.0\",\"resolution\":\"/home/youness/Desktop/agenz-front/functions/node_modules/firebase-admin/lib/index.js\"}"}}
[debug] [2021-11-03T09:49:41.552Z] [runtime-status] [89938] Resolved module firebase-functions {"declared":true,"installed":true,"version":"3.16.0","resolution":"/home/youness/Desktop/agenz-front/functions/node_modules/firebase-functions/lib/index.js"} {"metadata":{"emulator":{"name":"functions"},"message":"[runtime-status] [89938] Resolved module firebase-functions {\"declared\":true,\"installed\":true,\"version\":\"3.16.0\",\"resolution\":\"/home/youness/Desktop/agenz-front/functions/node_modules/firebase-functions/lib/index.js\"}"}}
[debug] [2021-11-03T09:49:41.556Z] [runtime-status] [89938] Resolved module firebase-functions {"declared":true,"installed":true,"version":"3.16.0","resolution":"/home/youness/Desktop/agenz-front/functions/node_modules/firebase-functions/lib/index.js"} {"metadata":{"emulator":{"name":"functions"},"message":"[runtime-status] [89938] Resolved module firebase-functions {\"declared\":true,\"installed\":true,\"version\":\"3.16.0\",\"resolution\":\"/home/youness/Desktop/agenz-front/functions/node_modules/firebase-functions/lib/index.js\"}"}}
[debug] [2021-11-03T09:49:41.559Z] [runtime-status] [89938] Outgoing network have been stubbed. [{"name":"http","status":"mocked"},{"name":"http","status":"mocked"},{"name":"https","status":"mocked"},{"name":"https","status":"mocked"},{"name":"net","status":"mocked"}] {"metadata":{"emulator":{"name":"functions"},"message":"[runtime-status] [89938] Outgoing network have been stubbed. [{\"name\":\"http\",\"status\":\"mocked\"},{\"name\":\"http\",\"status\":\"mocked\"},{\"name\":\"https\",\"status\":\"mocked\"},{\"name\":\"https\",\"status\":\"mocked\"},{\"name\":\"net\",\"status\":\"mocked\"}]"}}
[debug] [2021-11-03T09:49:41.559Z] [runtime-status] [89938] Resolved module firebase-functions {"declared":true,"installed":true,"version":"3.16.0","resolution":"/home/youness/Desktop/agenz-front/functions/node_modules/firebase-functions/lib/index.js"} {"metadata":{"emulator":{"name":"functions"},"message":"[runtime-status] [89938] Resolved module firebase-functions {\"declared\":true,\"installed\":true,\"version\":\"3.16.0\",\"resolution\":\"/home/youness/Desktop/agenz-front/functions/node_modules/firebase-functions/lib/index.js\"}"}}
[debug] [2021-11-03T09:49:41.653Z] [runtime-status] [89938] Checked functions.config() {"config":{}} {"metadata":{"emulator":{"name":"functions"},"message":"[runtime-status] [89938] Checked functions.config() {\"config\":{}}"}}
[debug] [2021-11-03T09:49:41.654Z] [runtime-status] [89938] firebase-functions has been stubbed. {"functionsResolution":{"declared":true,"installed":true,"version":"3.16.0","resolution":"/home/youness/Desktop/agenz-front/functions/node_modules/firebase-functions/lib/index.js"}} {"metadata":{"emulator":{"name":"functions"},"message":"[runtime-status] [89938] firebase-functions has been stubbed. {\"functionsResolution\":{\"declared\":true,\"installed\":true,\"version\":\"3.16.0\",\"resolution\":\"/home/youness/Desktop/agenz-front/functions/node_modules/firebase-functions/lib/index.js\"}}"}}
[debug] [2021-11-03T09:49:41.655Z] [runtime-status] [89938] Resolved module firebase-functions {"declared":true,"installed":true,"version":"3.16.0","resolution":"/home/youness/Desktop/agenz-front/functions/node_modules/firebase-functions/lib/index.js"} {"metadata":{"emulator":{"name":"functions"},"message":"[runtime-status] [89938] Resolved module firebase-functions {\"declared\":true,\"installed\":true,\"version\":\"3.16.0\",\"resolution\":\"/home/youness/Desktop/agenz-front/functions/node_modules/firebase-functions/lib/index.js\"}"}}
[debug] [2021-11-03T09:49:41.658Z] [runtime-status] [89938] Resolved module firebase-admin {"declared":true,"installed":true,"version":"9.12.0","resolution":"/home/youness/Desktop/agenz-front/functions/node_modules/firebase-admin/lib/index.js"} {"metadata":{"emulator":{"name":"functions"},"message":"[runtime-status] [89938] Resolved module firebase-admin {\"declared\":true,\"installed\":true,\"version\":\"9.12.0\",\"resolution\":\"/home/youness/Desktop/agenz-front/functions/node_modules/firebase-admin/lib/index.js\"}"}}
[debug] [2021-11-03T09:49:41.659Z] [runtime-status] [89938] Resolved module firebase-functions {"declared":true,"installed":true,"version":"3.16.0","resolution":"/home/youness/Desktop/agenz-front/functions/node_modules/firebase-functions/lib/index.js"} {"metadata":{"emulator":{"name":"functions"},"message":"[runtime-status] [89938] Resolved module firebase-functions {\"declared\":true,\"installed\":true,\"version\":\"3.16.0\",\"resolution\":\"/home/youness/Desktop/agenz-front/functions/node_modules/firebase-functions/lib/index.js\"}"}}
[debug] [2021-11-03T09:49:41.659Z] [runtime-status] [89938] firebase-admin has been stubbed. {"adminResolution":{"declared":true,"installed":true,"version":"9.12.0","resolution":"/home/youness/Desktop/agenz-front/functions/node_modules/firebase-admin/lib/index.js"}} {"metadata":{"emulator":{"name":"functions"},"message":"[runtime-status] [89938] firebase-admin has been stubbed. {\"adminResolution\":{\"declared\":true,\"installed\":true,\"version\":\"9.12.0\",\"resolution\":\"/home/youness/Desktop/agenz-front/functions/node_modules/firebase-admin/lib/index.js\"}}"}}
[debug] [2021-11-03T09:49:42.604Z] [runtime-status] [89938] initializeApp(DEFAULT) {"storageBucket":"agenz-dev.appspot.com","databaseURL":"https://agenz-dev-default-rtdb.europe-west1.firebasedatabase.app","projectId":"agenz-dev"} {"metadata":{"emulator":{"name":"functions"},"message":"[runtime-status] [89938] initializeApp(DEFAULT) {\"storageBucket\":\"agenz-dev.appspot.com\",\"databaseURL\":\"https://agenz-dev-default-rtdb.europe-west1.firebasedatabase.app\",\"projectId\":\"agenz-dev\"}"}}
[warn] ⚠  Error: Cannot find module './handlers/isAuth.js'
Require stack:
- /home/youness/Desktop/agenz-front/functions/index.js
- /home/youness/.cache/firebase/tools/lib/node_modules/firebase-tools/lib/emulator/functionsEmulatorRuntime.js
1) If you want to compile the package/file into executable, please pay attention to compilation warnings and specify a literal in 'require' call. 2) If you don't want to compile the package/file into executable and want to 'require' it from filesystem (likely plugin), specify an absolute path in 'require' call using process.cwd() or process.execPath.
    at Function.Module._resolveFilename (internal/modules/cjs/loader.js:964:15)
    at Function._resolveFilename (pkg/prelude/bootstrap.js:1459:46)
    at Function.Module._load (internal/modules/cjs/loader.js:840:27)
    at Module.require (internal/modules/cjs/loader.js:1024:19)
    at Module.require (pkg/prelude/bootstrap.js:1338:31)
    at require (internal/modules/cjs/helpers.js:72:18)
    at Object.<anonymous> (/home/youness/Desktop/agenz-front/functions/index.js:27:20)
    at Module._compile (internal/modules/cjs/loader.js:1136:30)
    at Module._compile (pkg/prelude/bootstrap.js:1394:32)
    at Object.Module._extensions..js (internal/modules/cjs/loader.js:1156:10) {"metadata":{"emulator":{"name":"functions"},"message":"Error: Cannot find module './handlers/isAuth.js'\nRequire stack:\n- /home/youness/Desktop/agenz-front/functions/index.js\n- /home/youness/.cache/firebase/tools/lib/node_modules/firebase-tools/lib/emulator/functionsEmulatorRuntime.js\n1) If you want to compile the package/file into executable, please pay attention to compilation warnings and specify a literal in 'require' call. 2) If you don't want to compile the package/file into executable and want to 'require' it from filesystem (likely plugin), specify an absolute path in 'require' call using process.cwd() or process.execPath.\n    at Function.Module._resolveFilename (internal/modules/cjs/loader.js:964:15)\n    at Function._resolveFilename (pkg/prelude/bootstrap.js:1459:46)\n    at Function.Module._load (internal/modules/cjs/loader.js:840:27)\n    at Module.require (internal/modules/cjs/loader.js:1024:19)\n    at Module.require (pkg/prelude/bootstrap.js:1338:31)\n    at require (internal/modules/cjs/helpers.js:72:18)\n    at Object.<anonymous> (/home/youness/Desktop/agenz-front/functions/index.js:27:20)\n    at Module._compile (internal/modules/cjs/loader.js:1136:30)\n    at Module._compile (pkg/prelude/bootstrap.js:1394:32)\n    at Object.Module._extensions..js (internal/modules/cjs/loader.js:1156:10)"}}
[warn] ⚠  We were unable to load your functions code. (see above) {"metadata":{"emulator":{"name":"functions"}}}
[debug] [2021-11-03T09:49:42.763Z] [worker-~diagnostic~-b282f40d-4e28-4e11-920d-ee09a70fdec4]: exited {"metadata":{"emulator":{"name":"functions"},"message":"[worker-~diagnostic~-b282f40d-4e28-4e11-920d-ee09a70fdec4]: exited"}}
[debug] [2021-11-03T09:49:42.764Z] [worker-~diagnostic~-b282f40d-4e28-4e11-920d-ee09a70fdec4]: FINISHED {"metadata":{"emulator":{"name":"functions"},"message":"[worker-~diagnostic~-b282f40d-4e28-4e11-920d-ee09a70fdec4]: FINISHED"}}
[debug] [2021-11-03T09:50:34.319Z] ----------------------------------------------------------------------
[debug] [2021-11-03T09:50:34.321Z] Command:       /usr/local/bin/firebase /home/youness/.cache/firebase/tools/lib/node_modules/firebase-tools/lib/bin/firebase serve
[debug] [2021-11-03T09:50:34.321Z] CLI Version:   9.13.0
[debug] [2021-11-03T09:50:34.321Z] Platform:      linux
[debug] [2021-11-03T09:50:34.321Z] Node Version:  v12.18.1
[debug] [2021-11-03T09:50:34.322Z] Time:          Wed Nov 03 2021 10:50:34 GMT+0100 (GMT+01:00)
[debug] [2021-11-03T09:50:34.322Z] ----------------------------------------------------------------------
[debug] 
[debug] [2021-11-03T09:50:34.329Z] > command requires scopes: ["email","openid","https://www.googleapis.com/auth/cloudplatformprojects.readonly","https://www.googleapis.com/auth/firebase","https://www.googleapis.com/auth/cloud-platform"]
[debug] [2021-11-03T09:50:34.329Z] > authorizing via signed-in user (younes.elguer@gmail.com)
[debug] [2021-11-03T09:50:34.329Z] [iam] checking project agenz-dev for permissions ["firebase.projects.get"]
[debug] [2021-11-03T09:50:34.332Z] > refreshing access token with scopes: ["email","https://www.googleapis.com/auth/cloud-platform","https://www.googleapis.com/auth/cloudplatformprojects.readonly","https://www.googleapis.com/auth/firebase","openid"]
[debug] [2021-11-03T09:50:34.332Z] >>> HTTP REQUEST POST https://www.googleapis.com/oauth2/v3/token  
 <request body omitted>
[debug] [2021-11-03T09:50:34.604Z] <<< HTTP RESPONSE 200 {"pragma":"no-cache","cache-control":"no-cache, no-store, max-age=0, must-revalidate","date":"Wed, 03 Nov 2021 09:50:34 GMT","expires":"Mon, 01 Jan 1990 00:00:00 GMT","content-type":"application/json; charset=utf-8","vary":"X-Origin, Referer, Origin,Accept-Encoding","server":"scaffolding on HTTPServer2","x-xss-protection":"0","x-frame-options":"SAMEORIGIN","x-content-type-options":"nosniff","alt-svc":"h3=\":443\"; ma=2592000,h3-29=\":443\"; ma=2592000,h3-Q050=\":443\"; ma=2592000,h3-Q046=\":443\"; ma=2592000,h3-Q043=\":443\"; ma=2592000,quic=\":443\"; ma=2592000; v=\"46,43\"","accept-ranges":"none","transfer-encoding":"chunked"}
[debug] [2021-11-03T09:50:34.623Z] >>> HTTP REQUEST POST https://cloudresourcemanager.googleapis.com/v1/projects/agenz-dev:testIamPermissions  
 {"permissions":["firebase.projects.get"]}
[debug] [2021-11-03T09:50:35.619Z] <<< HTTP RESPONSE 200 {"content-type":"application/json; charset=UTF-8","vary":"X-Origin, Referer, Origin,Accept-Encoding","date":"Wed, 03 Nov 2021 09:50:35 GMT","server":"ESF","cache-control":"private","x-xss-protection":"0","x-frame-options":"SAMEORIGIN","x-content-type-options":"nosniff","server-timing":"gfet4t7; dur=656","alt-svc":"h3=\":443\"; ma=2592000,h3-29=\":443\"; ma=2592000,h3-Q050=\":443\"; ma=2592000,h3-Q046=\":443\"; ma=2592000,h3-Q043=\":443\"; ma=2592000,quic=\":443\"; ma=2592000; v=\"46,43\"","accept-ranges":"none","transfer-encoding":"chunked"}
[debug] [2021-11-03T09:50:35.624Z] > refreshing access token with scopes: []
[debug] [2021-11-03T09:50:35.624Z] >>> HTTP REQUEST POST https://www.googleapis.com/oauth2/v3/token  
 <request body omitted>
[debug] [2021-11-03T09:50:35.939Z] <<< HTTP RESPONSE 200 {"date":"Wed, 03 Nov 2021 09:50:35 GMT","pragma":"no-cache","cache-control":"no-cache, no-store, max-age=0, must-revalidate","expires":"Mon, 01 Jan 1990 00:00:00 GMT","content-type":"application/json; charset=utf-8","vary":"X-Origin, Referer, Origin,Accept-Encoding","server":"scaffolding on HTTPServer2","x-xss-protection":"0","x-frame-options":"SAMEORIGIN","x-content-type-options":"nosniff","alt-svc":"h3=\":443\"; ma=2592000,h3-29=\":443\"; ma=2592000,h3-Q050=\":443\"; ma=2592000,h3-Q046=\":443\"; ma=2592000,h3-Q043=\":443\"; ma=2592000,quic=\":443\"; ma=2592000; v=\"46,43\"","accept-ranges":"none","transfer-encoding":"chunked"}
[debug] [2021-11-03T09:50:35.954Z] >>> [apiv2][query] GET https://firebase.googleapis.com/v1beta1/projects/agenz-dev [none]
[debug] [2021-11-03T09:50:36.443Z] <<< [apiv2][status] GET https://firebase.googleapis.com/v1beta1/projects/agenz-dev 200
[debug] [2021-11-03T09:50:36.443Z] <<< [apiv2][body] GET https://firebase.googleapis.com/v1beta1/projects/agenz-dev {"projectId":"agenz-dev","projectNumber":"459123777464","displayName":"agenz-dev","name":"projects/agenz-dev","resources":{"hostingSite":"agenz-dev","realtimeDatabaseInstance":"agenz-dev-default-rtdb","storageBucket":"agenz-dev.appspot.com","locationId":"europe-west"},"state":"ACTIVE"}
[info] 
[info] === Serving from '/home/youness/Desktop/agenz-front'...
[info] 
[debug] [2021-11-03T09:50:36.450Z] >>> [apiv2][query] GET https://firebasehosting.googleapis.com/v1beta1/projects/agenz-dev/sites 
[warn] ⚠  Your requested "node" version "14" doesn't match your global version "12" {"metadata":{"emulator":{"name":"functions"},"message":"Your requested \"node\" version \"14\" doesn't match your global version \"12\""}}
[debug] [2021-11-03T09:50:36.478Z] defaultcredentials: writing to file /home/youness/.config/firebase/younes_elguer_gmail.com_application_default_credentials.json
[debug] [2021-11-03T09:50:36.490Z] Setting GAC to /home/youness/.config/firebase/younes_elguer_gmail.com_application_default_credentials.json {"metadata":{"emulator":{"name":"functions"},"message":"Setting GAC to /home/youness/.config/firebase/younes_elguer_gmail.com_application_default_credentials.json"}}
[debug] [2021-11-03T09:50:36.494Z] >>> [apiv2][query] GET https://firebase.googleapis.com/v1beta1/projects/agenz-dev/adminSdkConfig [none]
[debug] [2021-11-03T09:50:37.049Z] <<< [apiv2][status] GET https://firebase.googleapis.com/v1beta1/projects/agenz-dev/adminSdkConfig 200
[debug] [2021-11-03T09:50:37.050Z] <<< [apiv2][body] GET https://firebase.googleapis.com/v1beta1/projects/agenz-dev/adminSdkConfig {"projectId":"agenz-dev","databaseURL":"https://agenz-dev-default-rtdb.europe-west1.firebasedatabase.app","storageBucket":"agenz-dev.appspot.com","locationId":"europe-west"}
[debug] [2021-11-03T09:50:37.562Z] <<< [apiv2][status] GET https://firebasehosting.googleapis.com/v1beta1/projects/agenz-dev/sites 200
[debug] [2021-11-03T09:50:37.562Z] <<< [apiv2][body] GET https://firebasehosting.googleapis.com/v1beta1/projects/agenz-dev/sites {"sites":[{"name":"projects/459123777464/sites/agenz-dev","defaultUrl":"https://agenz-dev.web.app","appId":"1:459123777464:web:98b6ad0c1d53adaac3f94d","type":"DEFAULT_SITE"}]}
[debug] [2021-11-03T09:50:37.563Z] >>> [apiv2][query] GET https://firebase.googleapis.com/v1beta1/projects/agenz-dev/webApps/1:459123777464:web:98b6ad0c1d53adaac3f94d/config [none]
[debug] [2021-11-03T09:50:38.586Z] <<< [apiv2][status] GET https://firebase.googleapis.com/v1beta1/projects/agenz-dev/webApps/1:459123777464:web:98b6ad0c1d53adaac3f94d/config 200
[debug] [2021-11-03T09:50:38.587Z] <<< [apiv2][body] GET https://firebase.googleapis.com/v1beta1/projects/agenz-dev/webApps/1:459123777464:web:98b6ad0c1d53adaac3f94d/config {"projectId":"agenz-dev","appId":"1:459123777464:web:98b6ad0c1d53adaac3f94d","databaseURL":"https://agenz-dev-default-rtdb.europe-west1.firebasedatabase.app","storageBucket":"agenz-dev.appspot.com","locationId":"europe-west","apiKey":"AIzaSyAhPY4nR5tDanQbIHmP3MLrgNHDka2shns","authDomain":"agenz-dev.firebaseapp.com","messagingSenderId":"459123777464"}
[info] i  functions: Watching "/home/youness/Desktop/agenz-front/functions" for Cloud Functions... {"metadata":{"emulator":{"name":"functions"},"message":"Watching \"/home/youness/Desktop/agenz-front/functions\" for Cloud Functions..."}}
[debug] [2021-11-03T09:50:38.625Z] [worker-pool] addWorker(~diagnostic~) {"metadata":{"emulator":{"name":"functions"},"message":"[worker-pool] addWorker(~diagnostic~)"}}
[debug] [2021-11-03T09:50:38.625Z] [worker-pool] Adding worker with key ~diagnostic~, total=1 {"metadata":{"emulator":{"name":"functions"},"message":"[worker-pool] Adding worker with key ~diagnostic~, total=1"}}
[debug] [2021-11-03T09:50:38.626Z] [worker-pool] submitWork(triggerId=) {"metadata":{"emulator":{"name":"functions"},"message":"[worker-pool] submitWork(triggerId=)"}}
[debug] [2021-11-03T09:50:38.626Z] [worker-~diagnostic~-300213b6-52de-4dd7-98fa-4c986c90209f]: Assigning socketPath: /tmp/fire_emu_90101.sock {"metadata":{"emulator":{"name":"functions"},"message":"[worker-~diagnostic~-300213b6-52de-4dd7-98fa-4c986c90209f]: Assigning socketPath: /tmp/fire_emu_90101.sock"}}
[debug] [2021-11-03T09:50:38.627Z] [worker-~diagnostic~-300213b6-52de-4dd7-98fa-4c986c90209f]: BUSY {"metadata":{"emulator":{"name":"functions"},"message":"[worker-~diagnostic~-300213b6-52de-4dd7-98fa-4c986c90209f]: BUSY"}}
[info] i  hosting: Serving hosting files from: p {"metadata":{"emulator":{"name":"hosting"},"message":"Serving hosting files from: \u001b[1mp\u001b[22m"}}
[info] ✔  hosting: Local server: http://localhost:5000 {"metadata":{"emulator":{"name":"hosting"},"message":"Local server: \u001b[4m\u001b[1mhttp://localhost:5000\u001b[22m\u001b[24m"}}
[debug] [2021-11-03T09:50:38.955Z] [runtime-status] [90101] Functions runtime initialized. {"cwd":"/home/youness/Desktop/agenz-front/functions","node_version":"12.18.1"} {"metadata":{"emulator":{"name":"functions"},"message":"[runtime-status] [90101] Functions runtime initialized. {\"cwd\":\"/home/youness/Desktop/agenz-front/functions\",\"node_version\":\"12.18.1\"}"}}
[debug] [2021-11-03T09:50:38.957Z] [runtime-status] [90101] Disabled runtime features: undefined {"metadata":{"emulator":{"name":"functions"},"message":"[runtime-status] [90101] Disabled runtime features: undefined"}}
[debug] [2021-11-03T09:50:38.959Z] [runtime-status] [90101] Resolved module firebase-admin {"declared":true,"installed":true,"version":"9.12.0","resolution":"/home/youness/Desktop/agenz-front/functions/node_modules/firebase-admin/lib/index.js"} {"metadata":{"emulator":{"name":"functions"},"message":"[runtime-status] [90101] Resolved module firebase-admin {\"declared\":true,\"installed\":true,\"version\":\"9.12.0\",\"resolution\":\"/home/youness/Desktop/agenz-front/functions/node_modules/firebase-admin/lib/index.js\"}"}}
[debug] [2021-11-03T09:50:38.961Z] [runtime-status] [90101] Resolved module firebase-functions {"declared":true,"installed":true,"version":"3.16.0","resolution":"/home/youness/Desktop/agenz-front/functions/node_modules/firebase-functions/lib/index.js"} {"metadata":{"emulator":{"name":"functions"},"message":"[runtime-status] [90101] Resolved module firebase-functions {\"declared\":true,\"installed\":true,\"version\":\"3.16.0\",\"resolution\":\"/home/youness/Desktop/agenz-front/functions/node_modules/firebase-functions/lib/index.js\"}"}}
[debug] [2021-11-03T09:50:38.964Z] [runtime-status] [90101] Resolved module firebase-functions {"declared":true,"installed":true,"version":"3.16.0","resolution":"/home/youness/Desktop/agenz-front/functions/node_modules/firebase-functions/lib/index.js"} {"metadata":{"emulator":{"name":"functions"},"message":"[runtime-status] [90101] Resolved module firebase-functions {\"declared\":true,\"installed\":true,\"version\":\"3.16.0\",\"resolution\":\"/home/youness/Desktop/agenz-front/functions/node_modules/firebase-functions/lib/index.js\"}"}}
[debug] [2021-11-03T09:50:38.966Z] [runtime-status] [90101] Outgoing network have been stubbed. [{"name":"http","status":"mocked"},{"name":"http","status":"mocked"},{"name":"https","status":"mocked"},{"name":"https","status":"mocked"},{"name":"net","status":"mocked"}] {"metadata":{"emulator":{"name":"functions"},"message":"[runtime-status] [90101] Outgoing network have been stubbed. [{\"name\":\"http\",\"status\":\"mocked\"},{\"name\":\"http\",\"status\":\"mocked\"},{\"name\":\"https\",\"status\":\"mocked\"},{\"name\":\"https\",\"status\":\"mocked\"},{\"name\":\"net\",\"status\":\"mocked\"}]"}}
[debug] [2021-11-03T09:50:38.966Z] [runtime-status] [90101] Resolved module firebase-functions {"declared":true,"installed":true,"version":"3.16.0","resolution":"/home/youness/Desktop/agenz-front/functions/node_modules/firebase-functions/lib/index.js"} {"metadata":{"emulator":{"name":"functions"},"message":"[runtime-status] [90101] Resolved module firebase-functions {\"declared\":true,\"installed\":true,\"version\":\"3.16.0\",\"resolution\":\"/home/youness/Desktop/agenz-front/functions/node_modules/firebase-functions/lib/index.js\"}"}}
[debug] [2021-11-03T09:50:39.015Z] [runtime-status] [90101] Checked functions.config() {"config":{}} {"metadata":{"emulator":{"name":"functions"},"message":"[runtime-status] [90101] Checked functions.config() {\"config\":{}}"}}
[debug] [2021-11-03T09:50:39.016Z] [runtime-status] [90101] firebase-functions has been stubbed. {"functionsResolution":{"declared":true,"installed":true,"version":"3.16.0","resolution":"/home/youness/Desktop/agenz-front/functions/node_modules/firebase-functions/lib/index.js"}} {"metadata":{"emulator":{"name":"functions"},"message":"[runtime-status] [90101] firebase-functions has been stubbed. {\"functionsResolution\":{\"declared\":true,\"installed\":true,\"version\":\"3.16.0\",\"resolution\":\"/home/youness/Desktop/agenz-front/functions/node_modules/firebase-functions/lib/index.js\"}}"}}
[debug] [2021-11-03T09:50:39.017Z] [runtime-status] [90101] Resolved module firebase-functions {"declared":true,"installed":true,"version":"3.16.0","resolution":"/home/youness/Desktop/agenz-front/functions/node_modules/firebase-functions/lib/index.js"} {"metadata":{"emulator":{"name":"functions"},"message":"[runtime-status] [90101] Resolved module firebase-functions {\"declared\":true,\"installed\":true,\"version\":\"3.16.0\",\"resolution\":\"/home/youness/Desktop/agenz-front/functions/node_modules/firebase-functions/lib/index.js\"}"}}
[debug] [2021-11-03T09:50:39.019Z] [runtime-status] [90101] Resolved module firebase-admin {"declared":true,"installed":true,"version":"9.12.0","resolution":"/home/youness/Desktop/agenz-front/functions/node_modules/firebase-admin/lib/index.js"} {"metadata":{"emulator":{"name":"functions"},"message":"[runtime-status] [90101] Resolved module firebase-admin {\"declared\":true,\"installed\":true,\"version\":\"9.12.0\",\"resolution\":\"/home/youness/Desktop/agenz-front/functions/node_modules/firebase-admin/lib/index.js\"}"}}
[debug] [2021-11-03T09:50:39.020Z] [runtime-status] [90101] Resolved module firebase-functions {"declared":true,"installed":true,"version":"3.16.0","resolution":"/home/youness/Desktop/agenz-front/functions/node_modules/firebase-functions/lib/index.js"} {"metadata":{"emulator":{"name":"functions"},"message":"[runtime-status] [90101] Resolved module firebase-functions {\"declared\":true,\"installed\":true,\"version\":\"3.16.0\",\"resolution\":\"/home/youness/Desktop/agenz-front/functions/node_modules/firebase-functions/lib/index.js\"}"}}
[debug] [2021-11-03T09:50:39.020Z] [runtime-status] [90101] firebase-admin has been stubbed. {"adminResolution":{"declared":true,"installed":true,"version":"9.12.0","resolution":"/home/youness/Desktop/agenz-front/functions/node_modules/firebase-admin/lib/index.js"}} {"metadata":{"emulator":{"name":"functions"},"message":"[runtime-status] [90101] firebase-admin has been stubbed. {\"adminResolution\":{\"declared\":true,\"installed\":true,\"version\":\"9.12.0\",\"resolution\":\"/home/youness/Desktop/agenz-front/functions/node_modules/firebase-admin/lib/index.js\"}}"}}
[debug] [2021-11-03T09:50:39.378Z] [runtime-status] [90101] initializeApp(DEFAULT) {"storageBucket":"agenz-dev.appspot.com","databaseURL":"https://agenz-dev-default-rtdb.europe-west1.firebasedatabase.app","projectId":"agenz-dev"} {"metadata":{"emulator":{"name":"functions"},"message":"[runtime-status] [90101] initializeApp(DEFAULT) {\"storageBucket\":\"agenz-dev.appspot.com\",\"databaseURL\":\"https://agenz-dev-default-rtdb.europe-west1.firebasedatabase.app\",\"projectId\":\"agenz-dev\"}"}}
[warn] ⚠  functions: The Cloud Firestore emulator is not running, so calls to Firestore will affect production. {"metadata":{"emulator":{"name":"functions"},"message":"The Cloud Firestore emulator is not running, so calls to Firestore will affect production."}}
[info] ✔  functions[us-central1-api]: http function initialized (http://localhost:5001/agenz-dev/us-central1/api). {"metadata":{"emulator":{"name":"functions"},"message":"\u001b[1mhttp\u001b[22m function initialized (http://localhost:5001/agenz-dev/us-central1/api)."}}
[debug] [2021-11-03T09:50:39.432Z] [worker-~diagnostic~-300213b6-52de-4dd7-98fa-4c986c90209f]: IDLE {"metadata":{"emulator":{"name":"functions"},"message":"[worker-~diagnostic~-300213b6-52de-4dd7-98fa-4c986c90209f]: IDLE"}}
[info] i  hosting: 127.0.0.1 - - [03/Nov/2021:09:50:52 +0000] "GET / HTTP/1.1" 200 4526 "-" "Mozilla/5.0 (X11; Linux x86_64) AppleWebKit/537.36 (KHTML, like Gecko) Chrome/94.0.4606.61 Safari/537.36" {"metadata":{"emulator":{"name":"hosting"},"message":"127.0.0.1 - - [03/Nov/2021:09:50:52 +0000] \"GET / HTTP/1.1\" 200 4526 \"-\" \"Mozilla/5.0 (X11; Linux x86_64) AppleWebKit/537.36 (KHTML, like Gecko) Chrome/94.0.4606.61 Safari/537.36\""}}
[info] i  hosting: 127.0.0.1 - - [03/Nov/2021:09:50:53 +0000] "GET /__/firebase/init.js?useEmulator=true HTTP/1.1" 200 - "http://localhost:5000/" "Mozilla/5.0 (X11; Linux x86_64) AppleWebKit/537.36 (KHTML, like Gecko) Chrome/94.0.4606.61 Safari/537.36" {"metadata":{"emulator":{"name":"hosting"},"message":"127.0.0.1 - - [03/Nov/2021:09:50:53 +0000] \"GET /__/firebase/init.js?useEmulator=true HTTP/1.1\" 200 - \"http://localhost:5000/\" \"Mozilla/5.0 (X11; Linux x86_64) AppleWebKit/537.36 (KHTML, like Gecko) Chrome/94.0.4606.61 Safari/537.36\""}}
[info] i  hosting: 127.0.0.1 - - [03/Nov/2021:09:51:32 +0000] "GET /ListingAgence HTTP/1.1" 404 1808 "-" "Mozilla/5.0 (X11; Linux x86_64) AppleWebKit/537.36 (KHTML, like Gecko) Chrome/94.0.4606.61 Safari/537.36" {"metadata":{"emulator":{"name":"hosting"},"message":"127.0.0.1 - - [03/Nov/2021:09:51:32 +0000] \"GET /ListingAgence HTTP/1.1\" 404 1808 \"-\" \"Mozilla/5.0 (X11; Linux x86_64) AppleWebKit/537.36 (KHTML, like Gecko) Chrome/94.0.4606.61 Safari/537.36\""}}
[debug] [2021-11-03T09:51:43.243Z] [work-queue] {"queueLength":1,"workRunningCount":0}
[debug] [2021-11-03T09:51:43.244Z] [work-queue] {"queueLength":0,"workRunningCount":1}
[debug] [2021-11-03T09:51:43.245Z] Accepted request GET /agenz-dev/us-central1/api --> us-central1-api
[debug] [2021-11-03T09:51:43.261Z] [worker-pool] addWorker(us-central1-api) {"metadata":{"emulator":{"name":"functions"},"message":"[worker-pool] addWorker(us-central1-api)"}}
[debug] [2021-11-03T09:51:43.262Z] [worker-pool] Adding worker with key us-central1-api, total=1 {"metadata":{"emulator":{"name":"functions"},"message":"[worker-pool] Adding worker with key us-central1-api, total=1"}}
[debug] [2021-11-03T09:51:43.262Z] [worker-pool] submitWork(triggerId=us-central1-api) {"metadata":{"emulator":{"name":"functions"},"message":"[worker-pool] submitWork(triggerId=us-central1-api)"}}
[debug] [2021-11-03T09:51:43.263Z] [worker-us-central1-api-2ff32770-3449-4d53-964f-573287a5a762]: Assigning socketPath: /tmp/fire_emu_90411.sock {"metadata":{"emulator":{"name":"functions"},"message":"[worker-us-central1-api-2ff32770-3449-4d53-964f-573287a5a762]: Assigning socketPath: /tmp/fire_emu_90411.sock"}}
[debug] [2021-11-03T09:51:43.263Z] [worker-us-central1-api-2ff32770-3449-4d53-964f-573287a5a762]: BUSY {"metadata":{"emulator":{"name":"functions"},"message":"[worker-us-central1-api-2ff32770-3449-4d53-964f-573287a5a762]: BUSY"}}
[debug] [2021-11-03T09:51:43.798Z] [runtime-status] [90411] Functions runtime initialized. {"cwd":"/home/youness/Desktop/agenz-front/functions","node_version":"12.18.1"} {"metadata":{"emulator":{"name":"functions"},"function":{"name":"us-central1-api"},"message":"[runtime-status] [90411] Functions runtime initialized. {\"cwd\":\"/home/youness/Desktop/agenz-front/functions\",\"node_version\":\"12.18.1\"}"}}
[debug] [2021-11-03T09:51:43.803Z] [runtime-status] [90411] Disabled runtime features: undefined {"metadata":{"emulator":{"name":"functions"},"function":{"name":"us-central1-api"},"message":"[runtime-status] [90411] Disabled runtime features: undefined"}}
[debug] [2021-11-03T09:51:43.814Z] [runtime-status] [90411] Resolved module firebase-admin {"declared":true,"installed":true,"version":"9.12.0","resolution":"/home/youness/Desktop/agenz-front/functions/node_modules/firebase-admin/lib/index.js"} {"metadata":{"emulator":{"name":"functions"},"function":{"name":"us-central1-api"},"message":"[runtime-status] [90411] Resolved module firebase-admin {\"declared\":true,\"installed\":true,\"version\":\"9.12.0\",\"resolution\":\"/home/youness/Desktop/agenz-front/functions/node_modules/firebase-admin/lib/index.js\"}"}}
[debug] [2021-11-03T09:51:43.818Z] [runtime-status] [90411] Resolved module firebase-functions {"declared":true,"installed":true,"version":"3.16.0","resolution":"/home/youness/Desktop/agenz-front/functions/node_modules/firebase-functions/lib/index.js"} {"metadata":{"emulator":{"name":"functions"},"function":{"name":"us-central1-api"},"message":"[runtime-status] [90411] Resolved module firebase-functions {\"declared\":true,\"installed\":true,\"version\":\"3.16.0\",\"resolution\":\"/home/youness/Desktop/agenz-front/functions/node_modules/firebase-functions/lib/index.js\"}"}}
[debug] [2021-11-03T09:51:43.820Z] [runtime-status] [90411] Resolved module firebase-functions {"declared":true,"installed":true,"version":"3.16.0","resolution":"/home/youness/Desktop/agenz-front/functions/node_modules/firebase-functions/lib/index.js"} {"metadata":{"emulator":{"name":"functions"},"function":{"name":"us-central1-api"},"message":"[runtime-status] [90411] Resolved module firebase-functions {\"declared\":true,\"installed\":true,\"version\":\"3.16.0\",\"resolution\":\"/home/youness/Desktop/agenz-front/functions/node_modules/firebase-functions/lib/index.js\"}"}}
[debug] [2021-11-03T09:51:43.851Z] [runtime-status] [90411] Outgoing network have been stubbed. [{"name":"http","status":"mocked"},{"name":"http","status":"mocked"},{"name":"https","status":"mocked"},{"name":"https","status":"mocked"},{"name":"net","status":"mocked"}] {"metadata":{"emulator":{"name":"functions"},"function":{"name":"us-central1-api"},"message":"[runtime-status] [90411] Outgoing network have been stubbed. [{\"name\":\"http\",\"status\":\"mocked\"},{\"name\":\"http\",\"status\":\"mocked\"},{\"name\":\"https\",\"status\":\"mocked\"},{\"name\":\"https\",\"status\":\"mocked\"},{\"name\":\"net\",\"status\":\"mocked\"}]"}}
[debug] [2021-11-03T09:51:43.852Z] [runtime-status] [90411] Resolved module firebase-functions {"declared":true,"installed":true,"version":"3.16.0","resolution":"/home/youness/Desktop/agenz-front/functions/node_modules/firebase-functions/lib/index.js"} {"metadata":{"emulator":{"name":"functions"},"function":{"name":"us-central1-api"},"message":"[runtime-status] [90411] Resolved module firebase-functions {\"declared\":true,\"installed\":true,\"version\":\"3.16.0\",\"resolution\":\"/home/youness/Desktop/agenz-front/functions/node_modules/firebase-functions/lib/index.js\"}"}}
[debug] [2021-11-03T09:51:43.924Z] [runtime-status] [90411] Checked functions.config() {"config":{}} {"metadata":{"emulator":{"name":"functions"},"function":{"name":"us-central1-api"},"message":"[runtime-status] [90411] Checked functions.config() {\"config\":{}}"}}
[debug] [2021-11-03T09:51:43.925Z] [runtime-status] [90411] firebase-functions has been stubbed. {"functionsResolution":{"declared":true,"installed":true,"version":"3.16.0","resolution":"/home/youness/Desktop/agenz-front/functions/node_modules/firebase-functions/lib/index.js"}} {"metadata":{"emulator":{"name":"functions"},"function":{"name":"us-central1-api"},"message":"[runtime-status] [90411] firebase-functions has been stubbed. {\"functionsResolution\":{\"declared\":true,\"installed\":true,\"version\":\"3.16.0\",\"resolution\":\"/home/youness/Desktop/agenz-front/functions/node_modules/firebase-functions/lib/index.js\"}}"}}
[debug] [2021-11-03T09:51:43.926Z] [runtime-status] [90411] Resolved module firebase-functions {"declared":true,"installed":true,"version":"3.16.0","resolution":"/home/youness/Desktop/agenz-front/functions/node_modules/firebase-functions/lib/index.js"} {"metadata":{"emulator":{"name":"functions"},"function":{"name":"us-central1-api"},"message":"[runtime-status] [90411] Resolved module firebase-functions {\"declared\":true,\"installed\":true,\"version\":\"3.16.0\",\"resolution\":\"/home/youness/Desktop/agenz-front/functions/node_modules/firebase-functions/lib/index.js\"}"}}
[debug] [2021-11-03T09:51:43.933Z] [runtime-status] [90411] Resolved module firebase-admin {"declared":true,"installed":true,"version":"9.12.0","resolution":"/home/youness/Desktop/agenz-front/functions/node_modules/firebase-admin/lib/index.js"} {"metadata":{"emulator":{"name":"functions"},"function":{"name":"us-central1-api"},"message":"[runtime-status] [90411] Resolved module firebase-admin {\"declared\":true,\"installed\":true,\"version\":\"9.12.0\",\"resolution\":\"/home/youness/Desktop/agenz-front/functions/node_modules/firebase-admin/lib/index.js\"}"}}
[debug] [2021-11-03T09:51:43.934Z] [runtime-status] [90411] Resolved module firebase-functions {"declared":true,"installed":true,"version":"3.16.0","resolution":"/home/youness/Desktop/agenz-front/functions/node_modules/firebase-functions/lib/index.js"} {"metadata":{"emulator":{"name":"functions"},"function":{"name":"us-central1-api"},"message":"[runtime-status] [90411] Resolved module firebase-functions {\"declared\":true,\"installed\":true,\"version\":\"3.16.0\",\"resolution\":\"/home/youness/Desktop/agenz-front/functions/node_modules/firebase-functions/lib/index.js\"}"}}
[debug] [2021-11-03T09:51:43.934Z] [runtime-status] [90411] firebase-admin has been stubbed. {"adminResolution":{"declared":true,"installed":true,"version":"9.12.0","resolution":"/home/youness/Desktop/agenz-front/functions/node_modules/firebase-admin/lib/index.js"}} {"metadata":{"emulator":{"name":"functions"},"function":{"name":"us-central1-api"},"message":"[runtime-status] [90411] firebase-admin has been stubbed. {\"adminResolution\":{\"declared\":true,\"installed\":true,\"version\":\"9.12.0\",\"resolution\":\"/home/youness/Desktop/agenz-front/functions/node_modules/firebase-admin/lib/index.js\"}}"}}
[debug] [2021-11-03T09:51:44.413Z] [runtime-status] [90411] initializeApp(DEFAULT) {"storageBucket":"agenz-dev.appspot.com","databaseURL":"https://agenz-dev-default-rtdb.europe-west1.firebasedatabase.app","projectId":"agenz-dev"} {"metadata":{"emulator":{"name":"functions"},"function":{"name":"us-central1-api"},"message":"[runtime-status] [90411] initializeApp(DEFAULT) {\"storageBucket\":\"agenz-dev.appspot.com\",\"databaseURL\":\"https://agenz-dev-default-rtdb.europe-west1.firebasedatabase.app\",\"projectId\":\"agenz-dev\"}"}}
[debug] [2021-11-03T09:51:44.441Z] [runtime-status] [90411] Trigger "us-central1-api" has been found, beginning invocation! {"metadata":{"emulator":{"name":"functions"},"function":{"name":"us-central1-api"},"message":"[runtime-status] [90411] Trigger \"us-central1-api\" has been found, beginning invocation!"}}
[info] i  functions: Beginning execution of "us-central1-api" {"metadata":{"emulator":{"name":"functions"},"function":{"name":"us-central1-api"},"message":"Beginning execution of \"us-central1-api\""}}
[debug] [2021-11-03T09:51:44.442Z] [runtime-status] [90411] triggerDefinition {"httpsTrigger":{},"name":"api","entryPoint":"api","regions":["us-central1"],"region":"us-central1","id":"us-central1-api"} {"metadata":{"emulator":{"name":"functions"},"function":{"name":"us-central1-api"},"message":"[runtime-status] [90411] triggerDefinition {\"httpsTrigger\":{},\"name\":\"api\",\"entryPoint\":\"api\",\"regions\":[\"us-central1\"],\"region\":\"us-central1\",\"id\":\"us-central1-api\"}"}}
[debug] [2021-11-03T09:51:44.443Z] [runtime-status] [90411] Running us-central1-api in mode HTTPS {"metadata":{"emulator":{"name":"functions"},"function":{"name":"us-central1-api"},"message":"[runtime-status] [90411] Running us-central1-api in mode HTTPS"}}
[debug] [2021-11-03T09:51:44.449Z] [runtime-status] [90411] Attempting to listen to socketPath: /tmp/fire_emu_90411.sock {"metadata":{"emulator":{"name":"functions"},"function":{"name":"us-central1-api"},"message":"[runtime-status] [90411] Attempting to listen to socketPath: /tmp/fire_emu_90411.sock"}}
[debug] [2021-11-03T09:51:44.471Z] [functions] Runtime ready! Sending request! {"metadata":{"emulator":{"name":"functions"},"message":"[functions] Runtime ready! Sending request!"}}
[debug] [2021-11-03T09:51:44.473Z] [functions] Got req.url=/agenz-dev/us-central1/api, mapping to path=/ {"metadata":{"emulator":{"name":"functions"},"message":"[functions] Got req.url=/agenz-dev/us-central1/api, mapping to path=/"}}
[debug] [2021-11-03T09:51:44.501Z] [runtime-status] [90411] Ephemeral server handling GET request {"metadata":{"emulator":{"name":"functions"},"function":{"name":"us-central1-api"},"message":"[runtime-status] [90411] Ephemeral server handling GET request"}}
[debug] [2021-11-03T09:51:44.556Z] [runtime-status] [90411] Ephemeral server survived. {"metadata":{"emulator":{"name":"functions"},"function":{"name":"us-central1-api"},"message":"[runtime-status] [90411] Ephemeral server survived."}}
[debug] [2021-11-03T09:51:44.559Z] [work-queue] {"queueLength":1,"workRunningCount":1}
[debug] [2021-11-03T09:51:44.560Z] [work-queue] {"queueLength":0,"workRunningCount":2}
[debug] [2021-11-03T09:51:44.561Z] Accepted request GET /agenz-dev/us-central1/api --> us-central1-api
[debug] [2021-11-03T09:51:44.586Z] [worker-pool] addWorker(us-central1-api) {"metadata":{"emulator":{"name":"functions"},"message":"[worker-pool] addWorker(us-central1-api)"}}
[debug] [2021-11-03T09:51:44.586Z] [worker-pool] Adding worker with key us-central1-api, total=2 {"metadata":{"emulator":{"name":"functions"},"message":"[worker-pool] Adding worker with key us-central1-api, total=2"}}
[debug] [2021-11-03T09:51:44.587Z] [worker-pool] submitWork(triggerId=us-central1-api) {"metadata":{"emulator":{"name":"functions"},"message":"[worker-pool] submitWork(triggerId=us-central1-api)"}}
[debug] [2021-11-03T09:51:44.587Z] [worker-us-central1-api-dfc99149-78f0-4f7f-a888-93f019b20299]: Assigning socketPath: /tmp/fire_emu_90509.sock {"metadata":{"emulator":{"name":"functions"},"message":"[worker-us-central1-api-dfc99149-78f0-4f7f-a888-93f019b20299]: Assigning socketPath: /tmp/fire_emu_90509.sock"}}
[debug] [2021-11-03T09:51:44.587Z] [worker-us-central1-api-dfc99149-78f0-4f7f-a888-93f019b20299]: BUSY {"metadata":{"emulator":{"name":"functions"},"message":"[worker-us-central1-api-dfc99149-78f0-4f7f-a888-93f019b20299]: BUSY"}}
[info] i  functions: Finished "us-central1-api" in ~1s {"metadata":{"emulator":{"name":"functions"},"function":{"name":"us-central1-api"},"message":"Finished \"us-central1-api\" in ~1s"}}
[debug] [2021-11-03T09:51:44.591Z] [worker-us-central1-api-2ff32770-3449-4d53-964f-573287a5a762]: IDLE {"metadata":{"emulator":{"name":"functions"},"message":"[worker-us-central1-api-2ff32770-3449-4d53-964f-573287a5a762]: IDLE"}}
[debug] [2021-11-03T09:51:44.592Z] [work-queue] {"queueLength":0,"workRunningCount":1}
[debug] [2021-11-03T09:51:45.677Z] [runtime-status] [90509] Functions runtime initialized. {"cwd":"/home/youness/Desktop/agenz-front/functions","node_version":"12.18.1"} {"metadata":{"emulator":{"name":"functions"},"function":{"name":"us-central1-api"},"message":"[runtime-status] [90509] Functions runtime initialized. {\"cwd\":\"/home/youness/Desktop/agenz-front/functions\",\"node_version\":\"12.18.1\"}"}}
[debug] [2021-11-03T09:51:45.680Z] [runtime-status] [90509] Disabled runtime features: undefined {"metadata":{"emulator":{"name":"functions"},"function":{"name":"us-central1-api"},"message":"[runtime-status] [90509] Disabled runtime features: undefined"}}
[debug] [2021-11-03T09:51:45.700Z] [runtime-status] [90509] Resolved module firebase-admin {"declared":true,"installed":true,"version":"9.12.0","resolution":"/home/youness/Desktop/agenz-front/functions/node_modules/firebase-admin/lib/index.js"} {"metadata":{"emulator":{"name":"functions"},"function":{"name":"us-central1-api"},"message":"[runtime-status] [90509] Resolved module firebase-admin {\"declared\":true,\"installed\":true,\"version\":\"9.12.0\",\"resolution\":\"/home/youness/Desktop/agenz-front/functions/node_modules/firebase-admin/lib/index.js\"}"}}
[debug] [2021-11-03T09:51:45.701Z] [runtime-status] [90509] Resolved module firebase-functions {"declared":true,"installed":true,"version":"3.16.0","resolution":"/home/youness/Desktop/agenz-front/functions/node_modules/firebase-functions/lib/index.js"} {"metadata":{"emulator":{"name":"functions"},"function":{"name":"us-central1-api"},"message":"[runtime-status] [90509] Resolved module firebase-functions {\"declared\":true,\"installed\":true,\"version\":\"3.16.0\",\"resolution\":\"/home/youness/Desktop/agenz-front/functions/node_modules/firebase-functions/lib/index.js\"}"}}
[debug] [2021-11-03T09:51:45.707Z] [runtime-status] [90509] Resolved module firebase-functions {"declared":true,"installed":true,"version":"3.16.0","resolution":"/home/youness/Desktop/agenz-front/functions/node_modules/firebase-functions/lib/index.js"} {"metadata":{"emulator":{"name":"functions"},"function":{"name":"us-central1-api"},"message":"[runtime-status] [90509] Resolved module firebase-functions {\"declared\":true,\"installed\":true,\"version\":\"3.16.0\",\"resolution\":\"/home/youness/Desktop/agenz-front/functions/node_modules/firebase-functions/lib/index.js\"}"}}
[debug] [2021-11-03T09:51:45.710Z] [runtime-status] [90509] Outgoing network have been stubbed. [{"name":"http","status":"mocked"},{"name":"http","status":"mocked"},{"name":"https","status":"mocked"},{"name":"https","status":"mocked"},{"name":"net","status":"mocked"}] {"metadata":{"emulator":{"name":"functions"},"function":{"name":"us-central1-api"},"message":"[runtime-status] [90509] Outgoing network have been stubbed. [{\"name\":\"http\",\"status\":\"mocked\"},{\"name\":\"http\",\"status\":\"mocked\"},{\"name\":\"https\",\"status\":\"mocked\"},{\"name\":\"https\",\"status\":\"mocked\"},{\"name\":\"net\",\"status\":\"mocked\"}]"}}
[debug] [2021-11-03T09:51:45.711Z] [runtime-status] [90509] Resolved module firebase-functions {"declared":true,"installed":true,"version":"3.16.0","resolution":"/home/youness/Desktop/agenz-front/functions/node_modules/firebase-functions/lib/index.js"} {"metadata":{"emulator":{"name":"functions"},"function":{"name":"us-central1-api"},"message":"[runtime-status] [90509] Resolved module firebase-functions {\"declared\":true,\"installed\":true,\"version\":\"3.16.0\",\"resolution\":\"/home/youness/Desktop/agenz-front/functions/node_modules/firebase-functions/lib/index.js\"}"}}
[debug] [2021-11-03T09:51:45.791Z] [runtime-status] [90509] Checked functions.config() {"config":{}} {"metadata":{"emulator":{"name":"functions"},"function":{"name":"us-central1-api"},"message":"[runtime-status] [90509] Checked functions.config() {\"config\":{}}"}}
[debug] [2021-11-03T09:51:45.791Z] [runtime-status] [90509] firebase-functions has been stubbed. {"functionsResolution":{"declared":true,"installed":true,"version":"3.16.0","resolution":"/home/youness/Desktop/agenz-front/functions/node_modules/firebase-functions/lib/index.js"}} {"metadata":{"emulator":{"name":"functions"},"function":{"name":"us-central1-api"},"message":"[runtime-status] [90509] firebase-functions has been stubbed. {\"functionsResolution\":{\"declared\":true,\"installed\":true,\"version\":\"3.16.0\",\"resolution\":\"/home/youness/Desktop/agenz-front/functions/node_modules/firebase-functions/lib/index.js\"}}"}}
[debug] [2021-11-03T09:51:45.797Z] [runtime-status] [90509] Resolved module firebase-functions {"declared":true,"installed":true,"version":"3.16.0","resolution":"/home/youness/Desktop/agenz-front/functions/node_modules/firebase-functions/lib/index.js"} {"metadata":{"emulator":{"name":"functions"},"function":{"name":"us-central1-api"},"message":"[runtime-status] [90509] Resolved module firebase-functions {\"declared\":true,\"installed\":true,\"version\":\"3.16.0\",\"resolution\":\"/home/youness/Desktop/agenz-front/functions/node_modules/firebase-functions/lib/index.js\"}"}}
[debug] [2021-11-03T09:51:45.797Z] [runtime-status] [90509] Resolved module firebase-admin {"declared":true,"installed":true,"version":"9.12.0","resolution":"/home/youness/Desktop/agenz-front/functions/node_modules/firebase-admin/lib/index.js"} {"metadata":{"emulator":{"name":"functions"},"function":{"name":"us-central1-api"},"message":"[runtime-status] [90509] Resolved module firebase-admin {\"declared\":true,\"installed\":true,\"version\":\"9.12.0\",\"resolution\":\"/home/youness/Desktop/agenz-front/functions/node_modules/firebase-admin/lib/index.js\"}"}}
[debug] [2021-11-03T09:51:45.799Z] [runtime-status] [90509] Resolved module firebase-functions {"declared":true,"installed":true,"version":"3.16.0","resolution":"/home/youness/Desktop/agenz-front/functions/node_modules/firebase-functions/lib/index.js"} {"metadata":{"emulator":{"name":"functions"},"function":{"name":"us-central1-api"},"message":"[runtime-status] [90509] Resolved module firebase-functions {\"declared\":true,\"installed\":true,\"version\":\"3.16.0\",\"resolution\":\"/home/youness/Desktop/agenz-front/functions/node_modules/firebase-functions/lib/index.js\"}"}}
[debug] [2021-11-03T09:51:45.799Z] [runtime-status] [90509] firebase-admin has been stubbed. {"adminResolution":{"declared":true,"installed":true,"version":"9.12.0","resolution":"/home/youness/Desktop/agenz-front/functions/node_modules/firebase-admin/lib/index.js"}} {"metadata":{"emulator":{"name":"functions"},"function":{"name":"us-central1-api"},"message":"[runtime-status] [90509] firebase-admin has been stubbed. {\"adminResolution\":{\"declared\":true,\"installed\":true,\"version\":\"9.12.0\",\"resolution\":\"/home/youness/Desktop/agenz-front/functions/node_modules/firebase-admin/lib/index.js\"}}"}}
[debug] [2021-11-03T09:51:46.267Z] [runtime-status] [90509] initializeApp(DEFAULT) {"storageBucket":"agenz-dev.appspot.com","databaseURL":"https://agenz-dev-default-rtdb.europe-west1.firebasedatabase.app","projectId":"agenz-dev"} {"metadata":{"emulator":{"name":"functions"},"function":{"name":"us-central1-api"},"message":"[runtime-status] [90509] initializeApp(DEFAULT) {\"storageBucket\":\"agenz-dev.appspot.com\",\"databaseURL\":\"https://agenz-dev-default-rtdb.europe-west1.firebasedatabase.app\",\"projectId\":\"agenz-dev\"}"}}
[debug] [2021-11-03T09:51:46.293Z] [runtime-status] [90509] Trigger "us-central1-api" has been found, beginning invocation! {"metadata":{"emulator":{"name":"functions"},"function":{"name":"us-central1-api"},"message":"[runtime-status] [90509] Trigger \"us-central1-api\" has been found, beginning invocation!"}}
[info] i  functions: Beginning execution of "us-central1-api" {"metadata":{"emulator":{"name":"functions"},"function":{"name":"us-central1-api"},"message":"Beginning execution of \"us-central1-api\""}}
[debug] [2021-11-03T09:51:46.293Z] [runtime-status] [90509] triggerDefinition {"httpsTrigger":{},"name":"api","entryPoint":"api","regions":["us-central1"],"region":"us-central1","id":"us-central1-api"} {"metadata":{"emulator":{"name":"functions"},"function":{"name":"us-central1-api"},"message":"[runtime-status] [90509] triggerDefinition {\"httpsTrigger\":{},\"name\":\"api\",\"entryPoint\":\"api\",\"regions\":[\"us-central1\"],\"region\":\"us-central1\",\"id\":\"us-central1-api\"}"}}
[debug] [2021-11-03T09:51:46.293Z] [runtime-status] [90509] Running us-central1-api in mode HTTPS {"metadata":{"emulator":{"name":"functions"},"function":{"name":"us-central1-api"},"message":"[runtime-status] [90509] Running us-central1-api in mode HTTPS"}}
[debug] [2021-11-03T09:51:46.303Z] [runtime-status] [90509] Attempting to listen to socketPath: /tmp/fire_emu_90509.sock {"metadata":{"emulator":{"name":"functions"},"function":{"name":"us-central1-api"},"message":"[runtime-status] [90509] Attempting to listen to socketPath: /tmp/fire_emu_90509.sock"}}
[debug] [2021-11-03T09:51:46.318Z] [functions] Runtime ready! Sending request! {"metadata":{"emulator":{"name":"functions"},"message":"[functions] Runtime ready! Sending request!"}}
[debug] [2021-11-03T09:51:46.319Z] [functions] Got req.url=/agenz-dev/us-central1/api, mapping to path=/ {"metadata":{"emulator":{"name":"functions"},"message":"[functions] Got req.url=/agenz-dev/us-central1/api, mapping to path=/"}}
[debug] [2021-11-03T09:51:46.350Z] [runtime-status] [90509] Ephemeral server handling GET request {"metadata":{"emulator":{"name":"functions"},"function":{"name":"us-central1-api"},"message":"[runtime-status] [90509] Ephemeral server handling GET request"}}
[debug] [2021-11-03T09:51:46.378Z] [runtime-status] [90509] Ephemeral server survived. {"metadata":{"emulator":{"name":"functions"},"function":{"name":"us-central1-api"},"message":"[runtime-status] [90509] Ephemeral server survived."}}
[info] i  functions: Finished "us-central1-api" in ~1s {"metadata":{"emulator":{"name":"functions"},"function":{"name":"us-central1-api"},"message":"Finished \"us-central1-api\" in ~1s"}}
[debug] [2021-11-03T09:51:46.442Z] [worker-us-central1-api-dfc99149-78f0-4f7f-a888-93f019b20299]: IDLE {"metadata":{"emulator":{"name":"functions"},"message":"[worker-us-central1-api-dfc99149-78f0-4f7f-a888-93f019b20299]: IDLE"}}
[debug] [2021-11-03T09:51:46.443Z] [work-queue] {"queueLength":0,"workRunningCount":0}
[debug] [2021-11-03T09:52:01.964Z] [work-queue] {"queueLength":1,"workRunningCount":0}
[debug] [2021-11-03T09:52:01.965Z] [work-queue] {"queueLength":0,"workRunningCount":1}
[debug] [2021-11-03T09:52:01.965Z] Accepted request GET /agenz-dev/us-central1/api/ListingAgence --> us-central1-api
[debug] [2021-11-03T09:52:01.965Z] [worker-pool] submitWork(triggerId=us-central1-api) {"metadata":{"emulator":{"name":"functions"},"message":"[worker-pool] submitWork(triggerId=us-central1-api)"}}
[debug] [2021-11-03T09:52:01.966Z] [worker-us-central1-api-2ff32770-3449-4d53-964f-573287a5a762]: Assigning socketPath: /tmp/fire_emu_90411.sock {"metadata":{"emulator":{"name":"functions"},"message":"[worker-us-central1-api-2ff32770-3449-4d53-964f-573287a5a762]: Assigning socketPath: /tmp/fire_emu_90411.sock"}}
[debug] [2021-11-03T09:52:01.966Z] [worker-us-central1-api-2ff32770-3449-4d53-964f-573287a5a762]: BUSY {"metadata":{"emulator":{"name":"functions"},"message":"[worker-us-central1-api-2ff32770-3449-4d53-964f-573287a5a762]: BUSY"}}
[debug] [2021-11-03T09:52:01.968Z] [runtime-status] [90411] Trigger "us-central1-api" has been found, beginning invocation! {"metadata":{"emulator":{"name":"functions"},"function":{"name":"us-central1-api"},"message":"[runtime-status] [90411] Trigger \"us-central1-api\" has been found, beginning invocation!"}}
[info] i  functions: Beginning execution of "us-central1-api" {"metadata":{"emulator":{"name":"functions"},"function":{"name":"us-central1-api"},"message":"Beginning execution of \"us-central1-api\""}}
[debug] [2021-11-03T09:52:01.969Z] [runtime-status] [90411] triggerDefinition {"httpsTrigger":{},"name":"api","entryPoint":"api","regions":["us-central1"],"region":"us-central1","id":"us-central1-api"} {"metadata":{"emulator":{"name":"functions"},"function":{"name":"us-central1-api"},"message":"[runtime-status] [90411] triggerDefinition {\"httpsTrigger\":{},\"name\":\"api\",\"entryPoint\":\"api\",\"regions\":[\"us-central1\"],\"region\":\"us-central1\",\"id\":\"us-central1-api\"}"}}
[debug] [2021-11-03T09:52:01.969Z] [runtime-status] [90411] Running us-central1-api in mode HTTPS {"metadata":{"emulator":{"name":"functions"},"function":{"name":"us-central1-api"},"message":"[runtime-status] [90411] Running us-central1-api in mode HTTPS"}}
[debug] [2021-11-03T09:52:01.969Z] [runtime-status] [90411] Attempting to listen to socketPath: /tmp/fire_emu_90411.sock {"metadata":{"emulator":{"name":"functions"},"function":{"name":"us-central1-api"},"message":"[runtime-status] [90411] Attempting to listen to socketPath: /tmp/fire_emu_90411.sock"}}
[debug] [2021-11-03T09:52:01.970Z] [functions] Runtime ready! Sending request! {"metadata":{"emulator":{"name":"functions"},"message":"[functions] Runtime ready! Sending request!"}}
[debug] [2021-11-03T09:52:01.971Z] [functions] Got req.url=/agenz-dev/us-central1/api/ListingAgence, mapping to path=/ListingAgence {"metadata":{"emulator":{"name":"functions"},"message":"[functions] Got req.url=/agenz-dev/us-central1/api/ListingAgence, mapping to path=/ListingAgence"}}
[debug] [2021-11-03T09:52:01.976Z] [runtime-status] [90411] Ephemeral server handling GET request {"metadata":{"emulator":{"name":"functions"},"function":{"name":"us-central1-api"},"message":"[runtime-status] [90411] Ephemeral server handling GET request"}}
[debug] [2021-11-03T09:52:01.981Z] [runtime-status] [90411] Ephemeral server survived. {"metadata":{"emulator":{"name":"functions"},"function":{"name":"us-central1-api"},"message":"[runtime-status] [90411] Ephemeral server survived."}}
[info] i  functions: Finished "us-central1-api" in ~1s {"metadata":{"emulator":{"name":"functions"},"function":{"name":"us-central1-api"},"message":"Finished \"us-central1-api\" in ~1s"}}
[debug] [2021-11-03T09:52:01.988Z] [worker-us-central1-api-2ff32770-3449-4d53-964f-573287a5a762]: IDLE {"metadata":{"emulator":{"name":"functions"},"message":"[worker-us-central1-api-2ff32770-3449-4d53-964f-573287a5a762]: IDLE"}}
[debug] [2021-11-03T09:52:01.989Z] [work-queue] {"queueLength":0,"workRunningCount":0}
[debug] [2021-11-03T09:52:08.721Z] [work-queue] {"queueLength":1,"workRunningCount":0}
[debug] [2021-11-03T09:52:08.722Z] [work-queue] {"queueLength":0,"workRunningCount":1}
[debug] [2021-11-03T09:52:08.724Z] [work-queue] {"queueLength":0,"workRunningCount":0}
[debug] [2021-11-03T09:52:09.008Z] Functions emulator received unknown request at path /favicon.ico
[debug] [2021-11-03T09:52:25.528Z] Functions emulator received unknown request at path /agenz-dev/ListingAgence
[debug] [2021-11-03T09:52:47.954Z] File /home/youness/Desktop/agenz-front/functions/index.js changed, reloading triggers {"metadata":{"emulator":{"name":"functions"},"message":"File /home/youness/Desktop/agenz-front/functions/index.js changed, reloading triggers"}}
[debug] [2021-11-03T09:52:48.954Z] [worker-pool] Shutting down IDLE worker (~diagnostic~) {"metadata":{"emulator":{"name":"functions"},"message":"[worker-pool] Shutting down IDLE worker (~diagnostic~)"}}
[debug] [2021-11-03T09:52:48.955Z] [worker-~diagnostic~-300213b6-52de-4dd7-98fa-4c986c90209f]: FINISHING {"metadata":{"emulator":{"name":"functions"},"message":"[worker-~diagnostic~-300213b6-52de-4dd7-98fa-4c986c90209f]: FINISHING"}}
[debug] [2021-11-03T09:52:48.955Z] [worker-pool] Shutting down IDLE worker (us-central1-api) {"metadata":{"emulator":{"name":"functions"},"message":"[worker-pool] Shutting down IDLE worker (us-central1-api)"}}
[debug] [2021-11-03T09:52:48.956Z] [worker-us-central1-api-2ff32770-3449-4d53-964f-573287a5a762]: FINISHING {"metadata":{"emulator":{"name":"functions"},"message":"[worker-us-central1-api-2ff32770-3449-4d53-964f-573287a5a762]: FINISHING"}}
[debug] [2021-11-03T09:52:48.956Z] [worker-pool] Shutting down IDLE worker (us-central1-api) {"metadata":{"emulator":{"name":"functions"},"message":"[worker-pool] Shutting down IDLE worker (us-central1-api)"}}
[debug] [2021-11-03T09:52:48.956Z] [worker-us-central1-api-dfc99149-78f0-4f7f-a888-93f019b20299]: FINISHING {"metadata":{"emulator":{"name":"functions"},"message":"[worker-us-central1-api-dfc99149-78f0-4f7f-a888-93f019b20299]: FINISHING"}}
[debug] [2021-11-03T09:52:48.974Z] [worker-pool] addWorker(~diagnostic~) {"metadata":{"emulator":{"name":"functions"},"message":"[worker-pool] addWorker(~diagnostic~)"}}
[debug] [2021-11-03T09:52:48.974Z] [worker-pool] Adding worker with key ~diagnostic~, total=2 {"metadata":{"emulator":{"name":"functions"},"message":"[worker-pool] Adding worker with key ~diagnostic~, total=2"}}
[debug] [2021-11-03T09:52:48.975Z] [worker-pool] submitWork(triggerId=) {"metadata":{"emulator":{"name":"functions"},"message":"[worker-pool] submitWork(triggerId=)"}}
[debug] [2021-11-03T09:52:48.975Z] [worker-~diagnostic~-9f16d9f0-5509-4e8e-ae60-0cdf22956fde]: Assigning socketPath: /tmp/fire_emu_90714.sock {"metadata":{"emulator":{"name":"functions"},"message":"[worker-~diagnostic~-9f16d9f0-5509-4e8e-ae60-0cdf22956fde]: Assigning socketPath: /tmp/fire_emu_90714.sock"}}
[debug] [2021-11-03T09:52:48.975Z] [worker-~diagnostic~-9f16d9f0-5509-4e8e-ae60-0cdf22956fde]: BUSY {"metadata":{"emulator":{"name":"functions"},"message":"[worker-~diagnostic~-9f16d9f0-5509-4e8e-ae60-0cdf22956fde]: BUSY"}}
[debug] [2021-11-03T09:52:48.979Z] [worker-~diagnostic~-300213b6-52de-4dd7-98fa-4c986c90209f]: exited {"metadata":{"emulator":{"name":"functions"},"message":"[worker-~diagnostic~-300213b6-52de-4dd7-98fa-4c986c90209f]: exited"}}
[debug] [2021-11-03T09:52:48.979Z] [worker-~diagnostic~-300213b6-52de-4dd7-98fa-4c986c90209f]: FINISHED {"metadata":{"emulator":{"name":"functions"},"message":"[worker-~diagnostic~-300213b6-52de-4dd7-98fa-4c986c90209f]: FINISHED"}}
[debug] [2021-11-03T09:52:48.979Z] [worker-us-central1-api-2ff32770-3449-4d53-964f-573287a5a762]: exited {"metadata":{"emulator":{"name":"functions"},"message":"[worker-us-central1-api-2ff32770-3449-4d53-964f-573287a5a762]: exited"}}
[debug] [2021-11-03T09:52:48.979Z] [worker-us-central1-api-2ff32770-3449-4d53-964f-573287a5a762]: FINISHED {"metadata":{"emulator":{"name":"functions"},"message":"[worker-us-central1-api-2ff32770-3449-4d53-964f-573287a5a762]: FINISHED"}}
[debug] [2021-11-03T09:52:48.980Z] [worker-us-central1-api-dfc99149-78f0-4f7f-a888-93f019b20299]: exited {"metadata":{"emulator":{"name":"functions"},"message":"[worker-us-central1-api-dfc99149-78f0-4f7f-a888-93f019b20299]: exited"}}
[debug] [2021-11-03T09:52:48.980Z] [worker-us-central1-api-dfc99149-78f0-4f7f-a888-93f019b20299]: FINISHED {"metadata":{"emulator":{"name":"functions"},"message":"[worker-us-central1-api-dfc99149-78f0-4f7f-a888-93f019b20299]: FINISHED"}}
[debug] [2021-11-03T09:52:49.258Z] [runtime-status] [90714] Functions runtime initialized. {"cwd":"/home/youness/Desktop/agenz-front/functions","node_version":"12.18.1"} {"metadata":{"emulator":{"name":"functions"},"message":"[runtime-status] [90714] Functions runtime initialized. {\"cwd\":\"/home/youness/Desktop/agenz-front/functions\",\"node_version\":\"12.18.1\"}"}}
[debug] [2021-11-03T09:52:49.260Z] [runtime-status] [90714] Disabled runtime features: undefined {"metadata":{"emulator":{"name":"functions"},"message":"[runtime-status] [90714] Disabled runtime features: undefined"}}
[debug] [2021-11-03T09:52:49.264Z] [runtime-status] [90714] Resolved module firebase-admin {"declared":true,"installed":true,"version":"9.12.0","resolution":"/home/youness/Desktop/agenz-front/functions/node_modules/firebase-admin/lib/index.js"} {"metadata":{"emulator":{"name":"functions"},"message":"[runtime-status] [90714] Resolved module firebase-admin {\"declared\":true,\"installed\":true,\"version\":\"9.12.0\",\"resolution\":\"/home/youness/Desktop/agenz-front/functions/node_modules/firebase-admin/lib/index.js\"}"}}
[debug] [2021-11-03T09:52:49.268Z] [runtime-status] [90714] Resolved module firebase-functions {"declared":true,"installed":true,"version":"3.16.0","resolution":"/home/youness/Desktop/agenz-front/functions/node_modules/firebase-functions/lib/index.js"} {"metadata":{"emulator":{"name":"functions"},"message":"[runtime-status] [90714] Resolved module firebase-functions {\"declared\":true,\"installed\":true,\"version\":\"3.16.0\",\"resolution\":\"/home/youness/Desktop/agenz-front/functions/node_modules/firebase-functions/lib/index.js\"}"}}
[debug] [2021-11-03T09:52:49.270Z] [runtime-status] [90714] Resolved module firebase-functions {"declared":true,"installed":true,"version":"3.16.0","resolution":"/home/youness/Desktop/agenz-front/functions/node_modules/firebase-functions/lib/index.js"} {"metadata":{"emulator":{"name":"functions"},"message":"[runtime-status] [90714] Resolved module firebase-functions {\"declared\":true,\"installed\":true,\"version\":\"3.16.0\",\"resolution\":\"/home/youness/Desktop/agenz-front/functions/node_modules/firebase-functions/lib/index.js\"}"}}
[debug] [2021-11-03T09:52:49.272Z] [runtime-status] [90714] Outgoing network have been stubbed. [{"name":"http","status":"mocked"},{"name":"http","status":"mocked"},{"name":"https","status":"mocked"},{"name":"https","status":"mocked"},{"name":"net","status":"mocked"}] {"metadata":{"emulator":{"name":"functions"},"message":"[runtime-status] [90714] Outgoing network have been stubbed. [{\"name\":\"http\",\"status\":\"mocked\"},{\"name\":\"http\",\"status\":\"mocked\"},{\"name\":\"https\",\"status\":\"mocked\"},{\"name\":\"https\",\"status\":\"mocked\"},{\"name\":\"net\",\"status\":\"mocked\"}]"}}
[debug] [2021-11-03T09:52:49.276Z] [runtime-status] [90714] Resolved module firebase-functions {"declared":true,"installed":true,"version":"3.16.0","resolution":"/home/youness/Desktop/agenz-front/functions/node_modules/firebase-functions/lib/index.js"} {"metadata":{"emulator":{"name":"functions"},"message":"[runtime-status] [90714] Resolved module firebase-functions {\"declared\":true,\"installed\":true,\"version\":\"3.16.0\",\"resolution\":\"/home/youness/Desktop/agenz-front/functions/node_modules/firebase-functions/lib/index.js\"}"}}
[debug] [2021-11-03T09:52:49.325Z] [runtime-status] [90714] Checked functions.config() {"config":{}} {"metadata":{"emulator":{"name":"functions"},"message":"[runtime-status] [90714] Checked functions.config() {\"config\":{}}"}}
[debug] [2021-11-03T09:52:49.325Z] [runtime-status] [90714] firebase-functions has been stubbed. {"functionsResolution":{"declared":true,"installed":true,"version":"3.16.0","resolution":"/home/youness/Desktop/agenz-front/functions/node_modules/firebase-functions/lib/index.js"}} {"metadata":{"emulator":{"name":"functions"},"message":"[runtime-status] [90714] firebase-functions has been stubbed. {\"functionsResolution\":{\"declared\":true,\"installed\":true,\"version\":\"3.16.0\",\"resolution\":\"/home/youness/Desktop/agenz-front/functions/node_modules/firebase-functions/lib/index.js\"}}"}}
[debug] [2021-11-03T09:52:49.328Z] [runtime-status] [90714] Resolved module firebase-functions {"declared":true,"installed":true,"version":"3.16.0","resolution":"/home/youness/Desktop/agenz-front/functions/node_modules/firebase-functions/lib/index.js"} {"metadata":{"emulator":{"name":"functions"},"message":"[runtime-status] [90714] Resolved module firebase-functions {\"declared\":true,\"installed\":true,\"version\":\"3.16.0\",\"resolution\":\"/home/youness/Desktop/agenz-front/functions/node_modules/firebase-functions/lib/index.js\"}"}}
[debug] [2021-11-03T09:52:49.329Z] [runtime-status] [90714] Resolved module firebase-admin {"declared":true,"installed":true,"version":"9.12.0","resolution":"/home/youness/Desktop/agenz-front/functions/node_modules/firebase-admin/lib/index.js"} {"metadata":{"emulator":{"name":"functions"},"message":"[runtime-status] [90714] Resolved module firebase-admin {\"declared\":true,\"installed\":true,\"version\":\"9.12.0\",\"resolution\":\"/home/youness/Desktop/agenz-front/functions/node_modules/firebase-admin/lib/index.js\"}"}}
[debug] [2021-11-03T09:52:49.330Z] [runtime-status] [90714] Resolved module firebase-functions {"declared":true,"installed":true,"version":"3.16.0","resolution":"/home/youness/Desktop/agenz-front/functions/node_modules/firebase-functions/lib/index.js"} {"metadata":{"emulator":{"name":"functions"},"message":"[runtime-status] [90714] Resolved module firebase-functions {\"declared\":true,\"installed\":true,\"version\":\"3.16.0\",\"resolution\":\"/home/youness/Desktop/agenz-front/functions/node_modules/firebase-functions/lib/index.js\"}"}}
[debug] [2021-11-03T09:52:49.331Z] [runtime-status] [90714] firebase-admin has been stubbed. {"adminResolution":{"declared":true,"installed":true,"version":"9.12.0","resolution":"/home/youness/Desktop/agenz-front/functions/node_modules/firebase-admin/lib/index.js"}} {"metadata":{"emulator":{"name":"functions"},"message":"[runtime-status] [90714] firebase-admin has been stubbed. {\"adminResolution\":{\"declared\":true,\"installed\":true,\"version\":\"9.12.0\",\"resolution\":\"/home/youness/Desktop/agenz-front/functions/node_modules/firebase-admin/lib/index.js\"}}"}}
[debug] [2021-11-03T09:52:49.733Z] [runtime-status] [90714] initializeApp(DEFAULT) {"storageBucket":"agenz-dev.appspot.com","databaseURL":"https://agenz-dev-default-rtdb.europe-west1.firebasedatabase.app","projectId":"agenz-dev"} {"metadata":{"emulator":{"name":"functions"},"message":"[runtime-status] [90714] initializeApp(DEFAULT) {\"storageBucket\":\"agenz-dev.appspot.com\",\"databaseURL\":\"https://agenz-dev-default-rtdb.europe-west1.firebasedatabase.app\",\"projectId\":\"agenz-dev\"}"}}
[warn] ⚠  It looks like you're trying to access functions.config().sendinblue but there is no value there. You can learn more about setting up config here: https://firebase.google.com/docs/functions/local-emulator {"metadata":{"emulator":{"name":"functions"},"message":"It looks like you're trying to access functions.config().sendinblue but there is no value there. You can learn more about setting up config here: https://firebase.google.com/docs/functions/local-emulator"}}
[warn] ⚠  TypeError: Cannot read property 'key' of undefined
    at Object.<anonymous> (/home/youness/Desktop/agenz-front/functions/handlers/sendResults.js:6:46)
    at Module._compile (internal/modules/cjs/loader.js:1136:30)
    at Module._compile (pkg/prelude/bootstrap.js:1394:32)
    at Object.Module._extensions..js (internal/modules/cjs/loader.js:1156:10)
    at Module.load (internal/modules/cjs/loader.js:984:32)
    at Function.Module._load (internal/modules/cjs/loader.js:877:14)
    at Module.require (internal/modules/cjs/loader.js:1024:19)
    at Module.require (pkg/prelude/bootstrap.js:1338:31)
    at require (internal/modules/cjs/helpers.js:72:18)
    at Object.<anonymous> (/home/youness/Desktop/agenz-front/functions/index.js:28:25) {"metadata":{"emulator":{"name":"functions"},"message":"TypeError: Cannot read property 'key' of undefined\n    at Object.<anonymous> (/home/youness/Desktop/agenz-front/functions/handlers/sendResults.js:6:46)\n    at Module._compile (internal/modules/cjs/loader.js:1136:30)\n    at Module._compile (pkg/prelude/bootstrap.js:1394:32)\n    at Object.Module._extensions..js (internal/modules/cjs/loader.js:1156:10)\n    at Module.load (internal/modules/cjs/loader.js:984:32)\n    at Function.Module._load (internal/modules/cjs/loader.js:877:14)\n    at Module.require (internal/modules/cjs/loader.js:1024:19)\n    at Module.require (pkg/prelude/bootstrap.js:1338:31)\n    at require (internal/modules/cjs/helpers.js:72:18)\n    at Object.<anonymous> (/home/youness/Desktop/agenz-front/functions/index.js:28:25)"}}
[warn] ⚠  We were unable to load your functions code. (see above) {"metadata":{"emulator":{"name":"functions"}}}
[debug] [2021-11-03T09:52:50.066Z] [worker-~diagnostic~-9f16d9f0-5509-4e8e-ae60-0cdf22956fde]: exited {"metadata":{"emulator":{"name":"functions"},"message":"[worker-~diagnostic~-9f16d9f0-5509-4e8e-ae60-0cdf22956fde]: exited"}}
[debug] [2021-11-03T09:52:50.066Z] [worker-~diagnostic~-9f16d9f0-5509-4e8e-ae60-0cdf22956fde]: FINISHED {"metadata":{"emulator":{"name":"functions"},"message":"[worker-~diagnostic~-9f16d9f0-5509-4e8e-ae60-0cdf22956fde]: FINISHED"}}
